<?xml version="1.0" encoding="utf-8"?>
<outputLog xmlns:xsi="http://www.w3.org/2001/XMLSchema-instance" xmlns:xsd="http://www.w3.org/2001/XMLSchema">
  <ApplicationId>7525049d-c38e-46e8-84a5-ca06fb9f315f</ApplicationId>
  <FileLogs>
    <FileLog>
      <ProjectId>64c684bc-7d0b-4cf2-8445-6558b97ef785</ProjectId>
      <ApplicationRelativeFilePath>Api/Extensions/OperationModelExtensions.cs</ApplicationRelativeFilePath>
      <ProjectRelativeFilePath>OperationModelExtensions.cs</ProjectRelativeFilePath>
    </FileLog>
    <FileLog>
      <ProjectId>9a39a5e5-1c2a-4df7-bab4-5d2760783b6d</ProjectId>
      <ApplicationRelativeFilePath>Intent.Java.Services.imodspec</ApplicationRelativeFilePath>
      <ProjectRelativeFilePath>Intent.Java.Services.imodspec</ProjectRelativeFilePath>
    </FileLog>
    <FileLog>
      <ProjectId>9a39a5e5-1c2a-4df7-bab4-5d2760783b6d</ProjectId>
      <ApplicationRelativeFilePath>Intent.Modules.Java.Services.csproj</ApplicationRelativeFilePath>
      <ProjectRelativeFilePath>Intent.Modules.Java.Services.csproj</ProjectRelativeFilePath>
    </FileLog>
    <FileLog>
      <ProjectId>9a39a5e5-1c2a-4df7-bab4-5d2760783b6d</ProjectId>
      <ApplicationRelativeFilePath>README.txt</ApplicationRelativeFilePath>
      <ProjectRelativeFilePath>README.txt</ProjectRelativeFilePath>
    </FileLog>
    <FileLog>
      <ProjectId>32921436-c716-4bad-8ff1-2cc93f11b598</ProjectId>
      <ApplicationRelativeFilePath>Templates/DataTransferModel/DataTransferModelDecorator.cs</ApplicationRelativeFilePath>
      <ProjectRelativeFilePath>DataTransferModel/DataTransferModelDecorator.cs</ProjectRelativeFilePath>
    </FileLog>
    <FileLog>
      <ProjectId>32921436-c716-4bad-8ff1-2cc93f11b598</ProjectId>
      <ApplicationRelativeFilePath>Templates/DataTransferModel/DataTransferModelTemplate.cs</ApplicationRelativeFilePath>
      <ProjectRelativeFilePath>DataTransferModel/DataTransferModelTemplate.cs</ProjectRelativeFilePath>
    </FileLog>
    <FileLog>
      <ProjectId>32921436-c716-4bad-8ff1-2cc93f11b598</ProjectId>
      <ApplicationRelativeFilePath>Templates/DataTransferModel/DataTransferModelTemplate.tt</ApplicationRelativeFilePath>
      <ProjectRelativeFilePath>DataTransferModel/DataTransferModelTemplate.tt</ProjectRelativeFilePath>
    </FileLog>
    <FileLog>
      <ProjectId>32921436-c716-4bad-8ff1-2cc93f11b598</ProjectId>
      <ApplicationRelativeFilePath>Templates/DataTransferModel/DataTransferModelTemplatePartial.cs</ApplicationRelativeFilePath>
      <ProjectRelativeFilePath>DataTransferModel/DataTransferModelTemplatePartial.cs</ProjectRelativeFilePath>
    </FileLog>
    <FileLog>
      <ProjectId>32921436-c716-4bad-8ff1-2cc93f11b598</ProjectId>
      <ApplicationRelativeFilePath>Templates/DataTransferModel/DataTransferModelTemplateRegistration.cs</ApplicationRelativeFilePath>
      <ProjectRelativeFilePath>DataTransferModel/DataTransferModelTemplateRegistration.cs</ProjectRelativeFilePath>
    </FileLog>
    <FileLog>
      <ProjectId>32921436-c716-4bad-8ff1-2cc93f11b598</ProjectId>
      <ApplicationRelativeFilePath>Templates/ServiceImplementation/ServiceImplementationTemplate.cs</ApplicationRelativeFilePath>
      <ProjectRelativeFilePath>ServiceImplementation/ServiceImplementationTemplate.cs</ProjectRelativeFilePath>
    </FileLog>
    <FileLog>
      <ProjectId>32921436-c716-4bad-8ff1-2cc93f11b598</ProjectId>
      <ApplicationRelativeFilePath>Templates/ServiceImplementation/ServiceImplementationTemplate.tt</ApplicationRelativeFilePath>
      <ProjectRelativeFilePath>ServiceImplementation/ServiceImplementationTemplate.tt</ProjectRelativeFilePath>
    </FileLog>
    <FileLog>
      <ProjectId>32921436-c716-4bad-8ff1-2cc93f11b598</ProjectId>
      <ApplicationRelativeFilePath>Templates/ServiceImplementation/ServiceImplementationTemplatePartial.cs</ApplicationRelativeFilePath>
      <ProjectRelativeFilePath>ServiceImplementation/ServiceImplementationTemplatePartial.cs</ProjectRelativeFilePath>
    </FileLog>
    <FileLog>
      <ProjectId>32921436-c716-4bad-8ff1-2cc93f11b598</ProjectId>
      <ApplicationRelativeFilePath>Templates/ServiceImplementation/ServiceImplementationTemplateRegistration.cs</ApplicationRelativeFilePath>
      <ProjectRelativeFilePath>ServiceImplementation/ServiceImplementationTemplateRegistration.cs</ProjectRelativeFilePath>
    </FileLog>
    <FileLog>
      <ProjectId>32921436-c716-4bad-8ff1-2cc93f11b598</ProjectId>
      <ApplicationRelativeFilePath>Templates/ServiceInterface/ServiceInterfaceTemplate.cs</ApplicationRelativeFilePath>
      <ProjectRelativeFilePath>ServiceInterface/ServiceInterfaceTemplate.cs</ProjectRelativeFilePath>
    </FileLog>
    <FileLog>
      <ProjectId>32921436-c716-4bad-8ff1-2cc93f11b598</ProjectId>
      <ApplicationRelativeFilePath>Templates/ServiceInterface/ServiceInterfaceTemplate.tt</ApplicationRelativeFilePath>
      <ProjectRelativeFilePath>ServiceInterface/ServiceInterfaceTemplate.tt</ProjectRelativeFilePath>
    </FileLog>
    <FileLog>
      <ProjectId>32921436-c716-4bad-8ff1-2cc93f11b598</ProjectId>
      <ApplicationRelativeFilePath>Templates/ServiceInterface/ServiceInterfaceTemplatePartial.cs</ApplicationRelativeFilePath>
      <ProjectRelativeFilePath>ServiceInterface/ServiceInterfaceTemplatePartial.cs</ProjectRelativeFilePath>
    </FileLog>
    <FileLog>
      <ProjectId>32921436-c716-4bad-8ff1-2cc93f11b598</ProjectId>
      <ApplicationRelativeFilePath>Templates/ServiceInterface/ServiceInterfaceTemplateRegistration.cs</ApplicationRelativeFilePath>
      <ProjectRelativeFilePath>ServiceInterface/ServiceInterfaceTemplateRegistration.cs</ProjectRelativeFilePath>
    </FileLog>
    <FileLog>
      <ApplicationRelativeFilePath>../Intent.Modules.Java.sln</ApplicationRelativeFilePath>
    </FileLog>
  </FileLogs>
</outputLog>