<?xml version="1.0" encoding="utf-8"?>
<outputLog xmlns:xsi="http://www.w3.org/2001/XMLSchema-instance" xmlns:xsd="http://www.w3.org/2001/XMLSchema">
  <ApplicationId>34ab81e4-7133-42aa-a9ac-72dc515be606</ApplicationId>
  <FileLogs>
    <FileLog>
      <ApplicationRelativeFilePath>../Intent.Modules.Java.sln</ApplicationRelativeFilePath>
    </FileLog>
    <FileLog>
      <ProjectId>9ba4083b-ca3e-4813-8a51-ace7e6b40366</ProjectId>
      <ApplicationRelativeFilePath>Intent.Java.Weaving.Annotations.imodspec</ApplicationRelativeFilePath>
      <ProjectRelativeFilePath>Intent.Java.Weaving.Annotations.imodspec</ProjectRelativeFilePath>
    </FileLog>
    <FileLog>
      <ProjectId>9ba4083b-ca3e-4813-8a51-ace7e6b40366</ProjectId>
      <ApplicationRelativeFilePath>Intent.Modules.Java.Weaving.Annotations.csproj</ApplicationRelativeFilePath>
      <ProjectRelativeFilePath>Intent.Modules.Java.Weaving.Annotations.csproj</ProjectRelativeFilePath>
    </FileLog>
    <FileLog>
      <ProjectId>9ba4083b-ca3e-4813-8a51-ace7e6b40366</ProjectId>
      <ApplicationRelativeFilePath>README.txt</ApplicationRelativeFilePath>
      <ProjectRelativeFilePath>README.txt</ProjectRelativeFilePath>
    </FileLog>
    <FileLog>
      <ProjectId>631ccc2a-ef75-4dd2-8106-edc7337d1209</ProjectId>
      <ApplicationRelativeFilePath>Templates/IntentCanAdd/IntentCanAddTemplate.cs</ApplicationRelativeFilePath>
      <ProjectRelativeFilePath>IntentCanAdd/IntentCanAddTemplate.cs</ProjectRelativeFilePath>
    </FileLog>
    <FileLog>
      <ProjectId>631ccc2a-ef75-4dd2-8106-edc7337d1209</ProjectId>
      <ApplicationRelativeFilePath>Templates/IntentCanAdd/IntentCanAddTemplate.tt</ApplicationRelativeFilePath>
      <ProjectRelativeFilePath>IntentCanAdd/IntentCanAddTemplate.tt</ProjectRelativeFilePath>
    </FileLog>
    <FileLog>
      <ProjectId>631ccc2a-ef75-4dd2-8106-edc7337d1209</ProjectId>
      <ApplicationRelativeFilePath>Templates/IntentCanAdd/IntentCanAddTemplatePartial.cs</ApplicationRelativeFilePath>
      <ProjectRelativeFilePath>IntentCanAdd/IntentCanAddTemplatePartial.cs</ProjectRelativeFilePath>
    </FileLog>
    <FileLog>
      <ProjectId>631ccc2a-ef75-4dd2-8106-edc7337d1209</ProjectId>
      <ApplicationRelativeFilePath>Templates/IntentCanAdd/IntentCanAddTemplateRegistration.cs</ApplicationRelativeFilePath>
      <ProjectRelativeFilePath>IntentCanAdd/IntentCanAddTemplateRegistration.cs</ProjectRelativeFilePath>
    </FileLog>
    <FileLog>
      <ProjectId>631ccc2a-ef75-4dd2-8106-edc7337d1209</ProjectId>
      <ApplicationRelativeFilePath>Templates/IntentCanRemove/IntentCanRemoveTemplate.cs</ApplicationRelativeFilePath>
      <ProjectRelativeFilePath>IntentCanRemove/IntentCanRemoveTemplate.cs</ProjectRelativeFilePath>
    </FileLog>
    <FileLog>
      <ProjectId>631ccc2a-ef75-4dd2-8106-edc7337d1209</ProjectId>
      <ApplicationRelativeFilePath>Templates/IntentCanRemove/IntentCanRemoveTemplate.tt</ApplicationRelativeFilePath>
      <ProjectRelativeFilePath>IntentCanRemove/IntentCanRemoveTemplate.tt</ProjectRelativeFilePath>
    </FileLog>
    <FileLog>
      <ProjectId>631ccc2a-ef75-4dd2-8106-edc7337d1209</ProjectId>
      <ApplicationRelativeFilePath>Templates/IntentCanRemove/IntentCanRemoveTemplatePartial.cs</ApplicationRelativeFilePath>
      <ProjectRelativeFilePath>IntentCanRemove/IntentCanRemoveTemplatePartial.cs</ProjectRelativeFilePath>
    </FileLog>
    <FileLog>
      <ProjectId>631ccc2a-ef75-4dd2-8106-edc7337d1209</ProjectId>
      <ApplicationRelativeFilePath>Templates/IntentCanRemove/IntentCanRemoveTemplateRegistration.cs</ApplicationRelativeFilePath>
      <ProjectRelativeFilePath>IntentCanRemove/IntentCanRemoveTemplateRegistration.cs</ProjectRelativeFilePath>
    </FileLog>
    <FileLog>
      <ProjectId>631ccc2a-ef75-4dd2-8106-edc7337d1209</ProjectId>
      <ApplicationRelativeFilePath>Templates/IntentCanUpdate/IntentCanUpdateTemplate.cs</ApplicationRelativeFilePath>
      <ProjectRelativeFilePath>IntentCanUpdate/IntentCanUpdateTemplate.cs</ProjectRelativeFilePath>
    </FileLog>
    <FileLog>
      <ProjectId>631ccc2a-ef75-4dd2-8106-edc7337d1209</ProjectId>
      <ApplicationRelativeFilePath>Templates/IntentCanUpdate/IntentCanUpdateTemplate.tt</ApplicationRelativeFilePath>
      <ProjectRelativeFilePath>IntentCanUpdate/IntentCanUpdateTemplate.tt</ProjectRelativeFilePath>
    </FileLog>
    <FileLog>
      <ProjectId>631ccc2a-ef75-4dd2-8106-edc7337d1209</ProjectId>
      <ApplicationRelativeFilePath>Templates/IntentCanUpdate/IntentCanUpdateTemplatePartial.cs</ApplicationRelativeFilePath>
      <ProjectRelativeFilePath>IntentCanUpdate/IntentCanUpdateTemplatePartial.cs</ProjectRelativeFilePath>
    </FileLog>
    <FileLog>
      <ProjectId>631ccc2a-ef75-4dd2-8106-edc7337d1209</ProjectId>
      <ApplicationRelativeFilePath>Templates/IntentCanUpdate/IntentCanUpdateTemplateRegistration.cs</ApplicationRelativeFilePath>
      <ProjectRelativeFilePath>IntentCanUpdate/IntentCanUpdateTemplateRegistration.cs</ProjectRelativeFilePath>
    </FileLog>
    <FileLog>
      <ProjectId>631ccc2a-ef75-4dd2-8106-edc7337d1209</ProjectId>
      <ApplicationRelativeFilePath>Templates/IntentIgnore/IntentIgnoreTemplate.cs</ApplicationRelativeFilePath>
      <ProjectRelativeFilePath>IntentIgnore/IntentIgnoreTemplate.cs</ProjectRelativeFilePath>
    </FileLog>
    <FileLog>
      <ProjectId>631ccc2a-ef75-4dd2-8106-edc7337d1209</ProjectId>
      <ApplicationRelativeFilePath>Templates/IntentIgnore/IntentIgnoreTemplate.tt</ApplicationRelativeFilePath>
      <ProjectRelativeFilePath>IntentIgnore/IntentIgnoreTemplate.tt</ProjectRelativeFilePath>
    </FileLog>
    <FileLog>
      <ProjectId>631ccc2a-ef75-4dd2-8106-edc7337d1209</ProjectId>
      <ApplicationRelativeFilePath>Templates/IntentIgnore/IntentIgnoreTemplatePartial.cs</ApplicationRelativeFilePath>
      <ProjectRelativeFilePath>IntentIgnore/IntentIgnoreTemplatePartial.cs</ProjectRelativeFilePath>
    </FileLog>
    <FileLog>
      <ProjectId>631ccc2a-ef75-4dd2-8106-edc7337d1209</ProjectId>
      <ApplicationRelativeFilePath>Templates/IntentIgnore/IntentIgnoreTemplateRegistration.cs</ApplicationRelativeFilePath>
      <ProjectRelativeFilePath>IntentIgnore/IntentIgnoreTemplateRegistration.cs</ProjectRelativeFilePath>
    </FileLog>
    <FileLog>
      <ProjectId>631ccc2a-ef75-4dd2-8106-edc7337d1209</ProjectId>
      <ApplicationRelativeFilePath>Templates/IntentIgnoreBody/IntentIgnoreBodyTemplate.cs</ApplicationRelativeFilePath>
      <ProjectRelativeFilePath>IntentIgnoreBody/IntentIgnoreBodyTemplate.cs</ProjectRelativeFilePath>
    </FileLog>
    <FileLog>
      <ProjectId>631ccc2a-ef75-4dd2-8106-edc7337d1209</ProjectId>
      <ApplicationRelativeFilePath>Templates/IntentIgnoreBody/IntentIgnoreBodyTemplate.tt</ApplicationRelativeFilePath>
      <ProjectRelativeFilePath>IntentIgnoreBody/IntentIgnoreBodyTemplate.tt</ProjectRelativeFilePath>
    </FileLog>
    <FileLog>
      <ProjectId>631ccc2a-ef75-4dd2-8106-edc7337d1209</ProjectId>
      <ApplicationRelativeFilePath>Templates/IntentIgnoreBody/IntentIgnoreBodyTemplatePartial.cs</ApplicationRelativeFilePath>
      <ProjectRelativeFilePath>IntentIgnoreBody/IntentIgnoreBodyTemplatePartial.cs</ProjectRelativeFilePath>
    </FileLog>
    <FileLog>
      <ProjectId>631ccc2a-ef75-4dd2-8106-edc7337d1209</ProjectId>
      <ApplicationRelativeFilePath>Templates/IntentIgnoreBody/IntentIgnoreBodyTemplateRegistration.cs</ApplicationRelativeFilePath>
      <ProjectRelativeFilePath>IntentIgnoreBody/IntentIgnoreBodyTemplateRegistration.cs</ProjectRelativeFilePath>
    </FileLog>
    <FileLog>
      <ProjectId>631ccc2a-ef75-4dd2-8106-edc7337d1209</ProjectId>
      <ApplicationRelativeFilePath>Templates/IntentManage/IntentManageTemplate.cs</ApplicationRelativeFilePath>
      <ProjectRelativeFilePath>IntentManage/IntentManageTemplate.cs</ProjectRelativeFilePath>
    </FileLog>
    <FileLog>
      <ProjectId>631ccc2a-ef75-4dd2-8106-edc7337d1209</ProjectId>
      <ApplicationRelativeFilePath>Templates/IntentManage/IntentManageTemplate.tt</ApplicationRelativeFilePath>
      <ProjectRelativeFilePath>IntentManage/IntentManageTemplate.tt</ProjectRelativeFilePath>
    </FileLog>
    <FileLog>
      <ProjectId>631ccc2a-ef75-4dd2-8106-edc7337d1209</ProjectId>
      <ApplicationRelativeFilePath>Templates/IntentManage/IntentManageTemplatePartial.cs</ApplicationRelativeFilePath>
      <ProjectRelativeFilePath>IntentManage/IntentManageTemplatePartial.cs</ProjectRelativeFilePath>
    </FileLog>
    <FileLog>
      <ProjectId>631ccc2a-ef75-4dd2-8106-edc7337d1209</ProjectId>
      <ApplicationRelativeFilePath>Templates/IntentManage/IntentManageTemplateRegistration.cs</ApplicationRelativeFilePath>
      <ProjectRelativeFilePath>IntentManage/IntentManageTemplateRegistration.cs</ProjectRelativeFilePath>
    </FileLog>
    <FileLog>
      <ProjectId>631ccc2a-ef75-4dd2-8106-edc7337d1209</ProjectId>
      <ApplicationRelativeFilePath>Templates/IntentManageClass/IntentManageClassTemplate.cs</ApplicationRelativeFilePath>
      <ProjectRelativeFilePath>IntentManageClass/IntentManageClassTemplate.cs</ProjectRelativeFilePath>
    </FileLog>
    <FileLog>
      <ProjectId>631ccc2a-ef75-4dd2-8106-edc7337d1209</ProjectId>
      <ApplicationRelativeFilePath>Templates/IntentManageClass/IntentManageClassTemplate.tt</ApplicationRelativeFilePath>
      <ProjectRelativeFilePath>IntentManageClass/IntentManageClassTemplate.tt</ProjectRelativeFilePath>
    </FileLog>
    <FileLog>
      <ProjectId>631ccc2a-ef75-4dd2-8106-edc7337d1209</ProjectId>
      <ApplicationRelativeFilePath>Templates/IntentManageClass/IntentManageClassTemplatePartial.cs</ApplicationRelativeFilePath>
      <ProjectRelativeFilePath>IntentManageClass/IntentManageClassTemplatePartial.cs</ProjectRelativeFilePath>
    </FileLog>
    <FileLog>
      <ProjectId>631ccc2a-ef75-4dd2-8106-edc7337d1209</ProjectId>
      <ApplicationRelativeFilePath>Templates/IntentManageClass/IntentManageClassTemplateRegistration.cs</ApplicationRelativeFilePath>
      <ProjectRelativeFilePath>IntentManageClass/IntentManageClassTemplateRegistration.cs</ProjectRelativeFilePath>
    </FileLog>
    <FileLog>
      <ProjectId>631ccc2a-ef75-4dd2-8106-edc7337d1209</ProjectId>
      <ApplicationRelativeFilePath>Templates/IntentMerge/IntentMergeTemplate.cs</ApplicationRelativeFilePath>
      <ProjectRelativeFilePath>IntentMerge/IntentMergeTemplate.cs</ProjectRelativeFilePath>
    </FileLog>
    <FileLog>
      <ProjectId>631ccc2a-ef75-4dd2-8106-edc7337d1209</ProjectId>
      <ApplicationRelativeFilePath>Templates/IntentMerge/IntentMergeTemplate.tt</ApplicationRelativeFilePath>
      <ProjectRelativeFilePath>IntentMerge/IntentMergeTemplate.tt</ProjectRelativeFilePath>
    </FileLog>
    <FileLog>
      <ProjectId>631ccc2a-ef75-4dd2-8106-edc7337d1209</ProjectId>
      <ApplicationRelativeFilePath>Templates/IntentMerge/IntentMergeTemplatePartial.cs</ApplicationRelativeFilePath>
      <ProjectRelativeFilePath>IntentMerge/IntentMergeTemplatePartial.cs</ProjectRelativeFilePath>
    </FileLog>
    <FileLog>
      <ProjectId>631ccc2a-ef75-4dd2-8106-edc7337d1209</ProjectId>
      <ApplicationRelativeFilePath>Templates/IntentMerge/IntentMergeTemplateRegistration.cs</ApplicationRelativeFilePath>
      <ProjectRelativeFilePath>IntentMerge/IntentMergeTemplateRegistration.cs</ProjectRelativeFilePath>
    </FileLog>
    <FileLog>
      <ProjectId>631ccc2a-ef75-4dd2-8106-edc7337d1209</ProjectId>
      <ApplicationRelativeFilePath>Templates/ModeEnum/ModeEnumTemplate.cs</ApplicationRelativeFilePath>
      <ProjectRelativeFilePath>ModeEnum/ModeEnumTemplate.cs</ProjectRelativeFilePath>
    </FileLog>
    <FileLog>
      <ProjectId>631ccc2a-ef75-4dd2-8106-edc7337d1209</ProjectId>
      <ApplicationRelativeFilePath>Templates/ModeEnum/ModeEnumTemplate.tt</ApplicationRelativeFilePath>
      <ProjectRelativeFilePath>ModeEnum/ModeEnumTemplate.tt</ProjectRelativeFilePath>
    </FileLog>
    <FileLog>
      <ProjectId>631ccc2a-ef75-4dd2-8106-edc7337d1209</ProjectId>
      <ApplicationRelativeFilePath>Templates/ModeEnum/ModeEnumTemplatePartial.cs</ApplicationRelativeFilePath>
      <ProjectRelativeFilePath>ModeEnum/ModeEnumTemplatePartial.cs</ProjectRelativeFilePath>
    </FileLog>
    <FileLog>
      <ProjectId>631ccc2a-ef75-4dd2-8106-edc7337d1209</ProjectId>
      <ApplicationRelativeFilePath>Templates/ModeEnum/ModeEnumTemplateRegistration.cs</ApplicationRelativeFilePath>
      <ProjectRelativeFilePath>ModeEnum/ModeEnumTemplateRegistration.cs</ProjectRelativeFilePath>
    </FileLog>
  </FileLogs>
</outputLog>