<?xml version="1.0" encoding="utf-8"?>
<outputLog>
  <ApplicationId>7525049d-c38e-46e8-84a5-ca06fb9f315f</ApplicationId>
  <FileLogs>
    <FileLog>
      <CorrelationId>Intent.VisualStudio.Projects.VisualStudioSolution#136bc8ec-e584-44d3-bd1c-772024b12244</CorrelationId>
      <OverwriteBehaviour>always</OverwriteBehaviour>
      <ApplicationRelativeFilePath>../Intent.Modules.Java.sln</ApplicationRelativeFilePath>
      <IsIgnored>false</IsIgnored>
    </FileLog>
    <FileLog>
      <ProjectId>8d5141ef-033c-4e36-a065-f7d8cbec5b7b</ProjectId>
      <CorrelationId>Intent.ModuleBuilder.Templates.Api.ApiElementModel#c5132b85-8cea-405b-abd5-9d3eccbc0d07</CorrelationId>
      <OverwriteBehaviour>always</OverwriteBehaviour>
      <ApplicationRelativeFilePath>Api/CheckedExceptionModel.cs</ApplicationRelativeFilePath>
      <ProjectRelativeFilePath>CheckedExceptionModel.cs</ProjectRelativeFilePath>
      <IsIgnored>false</IsIgnored>
    </FileLog>
    <FileLog>
      <ProjectId>8d5141ef-033c-4e36-a065-f7d8cbec5b7b</ProjectId>
      <CorrelationId>Intent.ModuleBuilder.Templates.Api.ApiElementModel#625e3f28-5e29-4cd3-92e6-9a111dbbb32c</CorrelationId>
      <OverwriteBehaviour>always</OverwriteBehaviour>
      <ApplicationRelativeFilePath>Api/ExceptionTypeModel.cs</ApplicationRelativeFilePath>
      <ProjectRelativeFilePath>ExceptionTypeModel.cs</ProjectRelativeFilePath>
      <IsIgnored>false</IsIgnored>
    </FileLog>
    <FileLog>
      <ProjectId>64c684bc-7d0b-4cf2-8445-6558b97ef785</ProjectId>
      <CorrelationId>Intent.ModuleBuilder.Templates.Api.ApiElementModelExtensions#625e3f28-5e29-4cd3-92e6-9a111dbbb32c</CorrelationId>
      <OverwriteBehaviour>always</OverwriteBehaviour>
      <ApplicationRelativeFilePath>Api/Extensions/ExceptionTypeModelStereotypeExtensions.cs</ApplicationRelativeFilePath>
      <ProjectRelativeFilePath>ExceptionTypeModelStereotypeExtensions.cs</ProjectRelativeFilePath>
      <IsIgnored>false</IsIgnored>
    </FileLog>
    <FileLog>
      <ProjectId>64c684bc-7d0b-4cf2-8445-6558b97ef785</ProjectId>
      <CorrelationId>Intent.ModuleBuilder.Templates.Api.ApiElementModelExtensions#e030c97a-e066-40a7-8188-808c275df3cb</CorrelationId>
      <OverwriteBehaviour>always</OverwriteBehaviour>
      <ApplicationRelativeFilePath>Api/Extensions/OperationModelStereotypeExtensions.cs</ApplicationRelativeFilePath>
      <ProjectRelativeFilePath>OperationModelStereotypeExtensions.cs</ProjectRelativeFilePath>
      <IsIgnored>false</IsIgnored>
    </FileLog>
    <FileLog>
      <ProjectId>8d5141ef-033c-4e36-a065-f7d8cbec5b7b</ProjectId>
      <CorrelationId>Intent.ModuleBuilder.Templates.Api.ApiElementExtensionModel#740f5c05-dcc1-4c61-838e-9d86dd5b1e05</CorrelationId>
      <OverwriteBehaviour>always</OverwriteBehaviour>
      <ApplicationRelativeFilePath>Api/FolderExtensionModel.cs</ApplicationRelativeFilePath>
      <ProjectRelativeFilePath>FolderExtensionModel.cs</ProjectRelativeFilePath>
      <IsIgnored>false</IsIgnored>
    </FileLog>
    <FileLog>
      <ProjectId>8d5141ef-033c-4e36-a065-f7d8cbec5b7b</ProjectId>
      <CorrelationId>Intent.ModuleBuilder.Templates.Api.ApiElementExtensionModel#8b1db76d-fece-4bd6-bce5-59b48d257cbb</CorrelationId>
      <OverwriteBehaviour>always</OverwriteBehaviour>
      <ApplicationRelativeFilePath>Api/OperationExtensionModel.cs</ApplicationRelativeFilePath>
      <ProjectRelativeFilePath>OperationExtensionModel.cs</ProjectRelativeFilePath>
      <IsIgnored>false</IsIgnored>
    </FileLog>
    <FileLog>
      <ProjectId>0fc02dd1-dbc8-4f0c-ad23-97597d853744</ProjectId>
      <CorrelationId>Intent.ModuleBuilder.Templates.Api.ApiMetadataProviderExtensions</CorrelationId>
      <OverwriteBehaviour>always</OverwriteBehaviour>
      <ApplicationRelativeFilePath>ApiMetadataProviderExtensions.cs</ApplicationRelativeFilePath>
      <ProjectRelativeFilePath>ApiMetadataProviderExtensions.cs</ProjectRelativeFilePath>
      <IsIgnored>false</IsIgnored>
    </FileLog>
    <FileLog>
      <ProjectId>0fc02dd1-dbc8-4f0c-ad23-97597d853744</ProjectId>
      <CorrelationId>Intent.ModuleBuilder.IModSpecFile</CorrelationId>
      <OverwriteBehaviour>always</OverwriteBehaviour>
      <ApplicationRelativeFilePath>Intent.Java.Services.imodspec</ApplicationRelativeFilePath>
      <ProjectRelativeFilePath>Intent.Java.Services.imodspec</ProjectRelativeFilePath>
      <IsIgnored>false</IsIgnored>
    </FileLog>
    <FileLog>
      <ProjectId>0fc02dd1-dbc8-4f0c-ad23-97597d853744</ProjectId>
      <CorrelationId>Intent.VisualStudio.Projects.CSharpProject#0fc02dd1-dbc8-4f0c-ad23-97597d853744</CorrelationId>
      <OverwriteBehaviour>always</OverwriteBehaviour>
      <ApplicationRelativeFilePath>Intent.Modules.Java.Services.csproj</ApplicationRelativeFilePath>
      <ProjectRelativeFilePath>Intent.Modules.Java.Services.csproj</ProjectRelativeFilePath>
      <IsIgnored>false</IsIgnored>
    </FileLog>
    <FileLog>
      <ProjectId>4edc25aa-af40-4cec-97e0-dcadd8d85838</ProjectId>
      <CorrelationId>Intent.ModuleBuilder.DesignerSettings#582b12d8-61f5-4a4e-a1aa-e0359574be60</CorrelationId>
      <OverwriteBehaviour>always</OverwriteBehaviour>
      <ApplicationRelativeFilePath>modelers/Services Designer Settings.designer.settings</ApplicationRelativeFilePath>
      <ProjectRelativeFilePath>Services Designer Settings.designer.settings</ProjectRelativeFilePath>
      <IsIgnored>true</IsIgnored>
    </FileLog>
    <FileLog>
      <ProjectId>0fc02dd1-dbc8-4f0c-ad23-97597d853744</ProjectId>
      <CorrelationId>Intent.ModuleBuilder.Templates.Api.ApiPackageExtensionModel#41a851f3-5ac3-425c-8de2-513d75573a53</CorrelationId>
      <OverwriteBehaviour>always</OverwriteBehaviour>
      <ApplicationRelativeFilePath>PackageExtensionModel.cs</ApplicationRelativeFilePath>
      <ProjectRelativeFilePath>PackageExtensionModel.cs</ProjectRelativeFilePath>
      <IsIgnored>false</IsIgnored>
    </FileLog>
    <FileLog>
      <ProjectId>32921436-c716-4bad-8ff1-2cc93f11b598</ProjectId>
      <CorrelationId>Intent.ModuleBuilder.Templates.TemplateDecoratorContract#be604817-d78c-4648-ab9f-7d9879bf0eff</CorrelationId>
      <OverwriteBehaviour>always</OverwriteBehaviour>
      <ApplicationRelativeFilePath>Templates/DataTransferModel/DataTransferModelDecorator.cs</ApplicationRelativeFilePath>
      <ProjectRelativeFilePath>DataTransferModel/DataTransferModelDecorator.cs</ProjectRelativeFilePath>
      <IsIgnored>false</IsIgnored>
    </FileLog>
    <FileLog>
      <ProjectId>32921436-c716-4bad-8ff1-2cc93f11b598</ProjectId>
      <CorrelationId>Intent.ModuleBuilder.Java.Templates.JavaTemplate.PreProcessT4#be2a8f83-c156-4e1a-8095-00c402a0cb15</CorrelationId>
      <OverwriteBehaviour>always</OverwriteBehaviour>
      <ApplicationRelativeFilePath>Templates/DataTransferModel/DataTransferModelTemplate.cs</ApplicationRelativeFilePath>
      <ProjectRelativeFilePath>DataTransferModel/DataTransferModelTemplate.cs</ProjectRelativeFilePath>
      <IsIgnored>false</IsIgnored>
    </FileLog>
    <FileLog>
      <ProjectId>32921436-c716-4bad-8ff1-2cc93f11b598</ProjectId>
      <CorrelationId>Intent.ModuleBuilder.Java.Templates.JavaFileT4Template#be2a8f83-c156-4e1a-8095-00c402a0cb15</CorrelationId>
      <OverwriteBehaviour>always</OverwriteBehaviour>
      <ApplicationRelativeFilePath>Templates/DataTransferModel/DataTransferModelTemplate.tt</ApplicationRelativeFilePath>
      <ProjectRelativeFilePath>DataTransferModel/DataTransferModelTemplate.tt</ProjectRelativeFilePath>
      <IsIgnored>false</IsIgnored>
    </FileLog>
    <FileLog>
      <ProjectId>32921436-c716-4bad-8ff1-2cc93f11b598</ProjectId>
      <CorrelationId>Intent.ModuleBuilder.Java.Templates.JavaFileTemplatePartial#be2a8f83-c156-4e1a-8095-00c402a0cb15</CorrelationId>
      <OverwriteBehaviour>always</OverwriteBehaviour>
      <ApplicationRelativeFilePath>Templates/DataTransferModel/DataTransferModelTemplatePartial.cs</ApplicationRelativeFilePath>
      <ProjectRelativeFilePath>DataTransferModel/DataTransferModelTemplatePartial.cs</ProjectRelativeFilePath>
      <IsIgnored>false</IsIgnored>
    </FileLog>
    <FileLog>
      <ProjectId>32921436-c716-4bad-8ff1-2cc93f11b598</ProjectId>
      <CorrelationId>Intent.ModuleBuilder.TemplateRegistration.FilePerModel#be2a8f83-c156-4e1a-8095-00c402a0cb15</CorrelationId>
      <OverwriteBehaviour>always</OverwriteBehaviour>
      <ApplicationRelativeFilePath>Templates/DataTransferModel/DataTransferModelTemplateRegistration.cs</ApplicationRelativeFilePath>
      <ProjectRelativeFilePath>DataTransferModel/DataTransferModelTemplateRegistration.cs</ProjectRelativeFilePath>
      <IsIgnored>false</IsIgnored>
    </FileLog>
    <FileLog>
      <ProjectId>32921436-c716-4bad-8ff1-2cc93f11b598</ProjectId>
      <CorrelationId>Intent.ModuleBuilder.Java.Templates.JavaFileStringInterpolationTemplate#4b1a8ec7-761e-4bf9-9db6-6bc76e37fb41</CorrelationId>
      <OverwriteBehaviour>always</OverwriteBehaviour>
      <ApplicationRelativeFilePath>Templates/Enum/EnumTemplate.cs</ApplicationRelativeFilePath>
      <ProjectRelativeFilePath>Enum/EnumTemplate.cs</ProjectRelativeFilePath>
      <IsIgnored>false</IsIgnored>
    </FileLog>
    <FileLog>
      <ProjectId>32921436-c716-4bad-8ff1-2cc93f11b598</ProjectId>
      <CorrelationId>Intent.ModuleBuilder.Java.Templates.JavaFileTemplatePartial#4b1a8ec7-761e-4bf9-9db6-6bc76e37fb41</CorrelationId>
      <OverwriteBehaviour>always</OverwriteBehaviour>
      <ApplicationRelativeFilePath>Templates/Enum/EnumTemplatePartial.cs</ApplicationRelativeFilePath>
      <ProjectRelativeFilePath>Enum/EnumTemplatePartial.cs</ProjectRelativeFilePath>
      <IsIgnored>false</IsIgnored>
    </FileLog>
    <FileLog>
      <ProjectId>32921436-c716-4bad-8ff1-2cc93f11b598</ProjectId>
      <CorrelationId>Intent.ModuleBuilder.TemplateRegistration.FilePerModel#4b1a8ec7-761e-4bf9-9db6-6bc76e37fb41</CorrelationId>
      <OverwriteBehaviour>always</OverwriteBehaviour>
      <ApplicationRelativeFilePath>Templates/Enum/EnumTemplateRegistration.cs</ApplicationRelativeFilePath>
      <ProjectRelativeFilePath>Enum/EnumTemplateRegistration.cs</ProjectRelativeFilePath>
      <IsIgnored>false</IsIgnored>
    </FileLog>
    <FileLog>
      <ProjectId>32921436-c716-4bad-8ff1-2cc93f11b598</ProjectId>
      <CorrelationId>Intent.ModuleBuilder.Java.Templates.JavaFileStringInterpolationTemplate#a8985c30-1c41-47f2-9558-3566aee989d4</CorrelationId>
      <OverwriteBehaviour>always</OverwriteBehaviour>
      <ApplicationRelativeFilePath>Templates/ExceptionType/ExceptionTypeTemplate.cs</ApplicationRelativeFilePath>
      <ProjectRelativeFilePath>ExceptionType/ExceptionTypeTemplate.cs</ProjectRelativeFilePath>
      <IsIgnored>false</IsIgnored>
    </FileLog>
    <FileLog>
      <ProjectId>32921436-c716-4bad-8ff1-2cc93f11b598</ProjectId>
      <CorrelationId>Intent.ModuleBuilder.Java.Templates.JavaFileTemplatePartial#a8985c30-1c41-47f2-9558-3566aee989d4</CorrelationId>
      <OverwriteBehaviour>always</OverwriteBehaviour>
      <ApplicationRelativeFilePath>Templates/ExceptionType/ExceptionTypeTemplatePartial.cs</ApplicationRelativeFilePath>
      <ProjectRelativeFilePath>ExceptionType/ExceptionTypeTemplatePartial.cs</ProjectRelativeFilePath>
      <IsIgnored>false</IsIgnored>
    </FileLog>
    <FileLog>
      <ProjectId>32921436-c716-4bad-8ff1-2cc93f11b598</ProjectId>
      <CorrelationId>Intent.ModuleBuilder.TemplateRegistration.FilePerModel#a8985c30-1c41-47f2-9558-3566aee989d4</CorrelationId>
      <OverwriteBehaviour>always</OverwriteBehaviour>
      <ApplicationRelativeFilePath>Templates/ExceptionType/ExceptionTypeTemplateRegistration.cs</ApplicationRelativeFilePath>
      <ProjectRelativeFilePath>ExceptionType/ExceptionTypeTemplateRegistration.cs</ProjectRelativeFilePath>
      <IsIgnored>false</IsIgnored>
    </FileLog>
    <FileLog>
      <ProjectId>32921436-c716-4bad-8ff1-2cc93f11b598</ProjectId>
      <CorrelationId>Intent.ModuleBuilder.Templates.TemplateDecoratorContract#190a0466-89ca-49b9-a9ee-c57bc7142a57</CorrelationId>
      <OverwriteBehaviour>always</OverwriteBehaviour>
      <ApplicationRelativeFilePath>Templates/ServiceImplementation/ServiceImplementationDecorator.cs</ApplicationRelativeFilePath>
      <ProjectRelativeFilePath>ServiceImplementation/ServiceImplementationDecorator.cs</ProjectRelativeFilePath>
      <IsIgnored>false</IsIgnored>
    </FileLog>
    <FileLog>
      <ProjectId>32921436-c716-4bad-8ff1-2cc93f11b598</ProjectId>
      <CorrelationId>Intent.ModuleBuilder.Java.Templates.JavaFileTemplatePartial#7ce91561-d9e7-4da5-870b-bc7f091513c7</CorrelationId>
      <OverwriteBehaviour>always</OverwriteBehaviour>
      <ApplicationRelativeFilePath>Templates/ServiceImplementation/ServiceImplementationTemplatePartial.cs</ApplicationRelativeFilePath>
      <ProjectRelativeFilePath>ServiceImplementation/ServiceImplementationTemplatePartial.cs</ProjectRelativeFilePath>
      <IsIgnored>false</IsIgnored>
    </FileLog>
    <FileLog>
      <ProjectId>32921436-c716-4bad-8ff1-2cc93f11b598</ProjectId>
      <CorrelationId>Intent.ModuleBuilder.TemplateRegistration.FilePerModel#7ce91561-d9e7-4da5-870b-bc7f091513c7</CorrelationId>
      <OverwriteBehaviour>always</OverwriteBehaviour>
      <ApplicationRelativeFilePath>Templates/ServiceImplementation/ServiceImplementationTemplateRegistration.cs</ApplicationRelativeFilePath>
      <ProjectRelativeFilePath>ServiceImplementation/ServiceImplementationTemplateRegistration.cs</ProjectRelativeFilePath>
      <IsIgnored>false</IsIgnored>
    </FileLog>
    <FileLog>
      <ProjectId>32921436-c716-4bad-8ff1-2cc93f11b598</ProjectId>
      <CorrelationId>Intent.ModuleBuilder.Templates.TemplateDecoratorContract#b827af84-059c-4641-a1dc-5ceebae99360</CorrelationId>
      <OverwriteBehaviour>always</OverwriteBehaviour>
      <ApplicationRelativeFilePath>Templates/ServiceInterface/ServiceInterfaceDecorator.cs</ApplicationRelativeFilePath>
      <ProjectRelativeFilePath>ServiceInterface/ServiceInterfaceDecorator.cs</ProjectRelativeFilePath>
      <IsIgnored>false</IsIgnored>
    </FileLog>
    <FileLog>
      <ProjectId>32921436-c716-4bad-8ff1-2cc93f11b598</ProjectId>
      <CorrelationId>Intent.ModuleBuilder.Java.Templates.JavaTemplate.PreProcessT4#592827c8-f46a-4c1a-a54d-ef454ff11210</CorrelationId>
      <OverwriteBehaviour>always</OverwriteBehaviour>
      <ApplicationRelativeFilePath>Templates/ServiceInterface/ServiceInterfaceTemplate.cs</ApplicationRelativeFilePath>
      <ProjectRelativeFilePath>ServiceInterface/ServiceInterfaceTemplate.cs</ProjectRelativeFilePath>
      <IsIgnored>false</IsIgnored>
    </FileLog>
    <FileLog>
      <ProjectId>32921436-c716-4bad-8ff1-2cc93f11b598</ProjectId>
      <CorrelationId>Intent.ModuleBuilder.Java.Templates.JavaFileT4Template#592827c8-f46a-4c1a-a54d-ef454ff11210</CorrelationId>
      <OverwriteBehaviour>always</OverwriteBehaviour>
      <ApplicationRelativeFilePath>Templates/ServiceInterface/ServiceInterfaceTemplate.tt</ApplicationRelativeFilePath>
      <ProjectRelativeFilePath>ServiceInterface/ServiceInterfaceTemplate.tt</ProjectRelativeFilePath>
      <IsIgnored>false</IsIgnored>
    </FileLog>
    <FileLog>
      <ProjectId>32921436-c716-4bad-8ff1-2cc93f11b598</ProjectId>
      <CorrelationId>Intent.ModuleBuilder.Java.Templates.JavaFileTemplatePartial#592827c8-f46a-4c1a-a54d-ef454ff11210</CorrelationId>
      <OverwriteBehaviour>always</OverwriteBehaviour>
      <ApplicationRelativeFilePath>Templates/ServiceInterface/ServiceInterfaceTemplatePartial.cs</ApplicationRelativeFilePath>
      <ProjectRelativeFilePath>ServiceInterface/ServiceInterfaceTemplatePartial.cs</ProjectRelativeFilePath>
      <IsIgnored>false</IsIgnored>
    </FileLog>
    <FileLog>
      <ProjectId>32921436-c716-4bad-8ff1-2cc93f11b598</ProjectId>
      <CorrelationId>Intent.ModuleBuilder.TemplateRegistration.FilePerModel#592827c8-f46a-4c1a-a54d-ef454ff11210</CorrelationId>
      <OverwriteBehaviour>always</OverwriteBehaviour>
      <ApplicationRelativeFilePath>Templates/ServiceInterface/ServiceInterfaceTemplateRegistration.cs</ApplicationRelativeFilePath>
      <ProjectRelativeFilePath>ServiceInterface/ServiceInterfaceTemplateRegistration.cs</ProjectRelativeFilePath>
      <IsIgnored>false</IsIgnored>
    </FileLog>
    <FileLog>
      <ProjectId>32921436-c716-4bad-8ff1-2cc93f11b598</ProjectId>
      <CorrelationId>Intent.ModuleBuilder.Templates.TemplateExtensions</CorrelationId>
      <OverwriteBehaviour>always</OverwriteBehaviour>
      <ApplicationRelativeFilePath>Templates/TemplateExtensions.cs</ApplicationRelativeFilePath>
      <ProjectRelativeFilePath>TemplateExtensions.cs</ProjectRelativeFilePath>
      <IsIgnored>false</IsIgnored>
    </FileLog>
  </FileLogs>
</outputLog>