<?xml version="1.0" encoding="utf-8"?>
<outputLog>
  <ApplicationId>2a1f90d0-0a78-4a3a-899b-a45205055f19</ApplicationId>
  <FileLogs>
    <FileLog>
      <CorrelationId>Intent.VisualStudio.Projects.VisualStudioSolution#faa7bb8b-3a31-4e79-beee-0f17d8088ea1</CorrelationId>
      <OverwriteBehaviour>always</OverwriteBehaviour>
      <ApplicationRelativeFilePath>../Intent.Modules.Java.sln</ApplicationRelativeFilePath>
      <IsIgnored>false</IsIgnored>
    </FileLog>
    <FileLog>
      <ProjectId>816ea383-3c96-46a3-9880-bd359c950d7b</ProjectId>
      <CorrelationId>Intent.ModuleBuilder.IModSpecFile</CorrelationId>
      <OverwriteBehaviour>always</OverwriteBehaviour>
      <ApplicationRelativeFilePath>Intent.Java.Spring.Data.Repositories.imodspec</ApplicationRelativeFilePath>
      <ProjectRelativeFilePath>Intent.Java.Spring.Data.Repositories.imodspec</ProjectRelativeFilePath>
      <IsIgnored>false</IsIgnored>
    </FileLog>
    <FileLog>
      <ProjectId>816ea383-3c96-46a3-9880-bd359c950d7b</ProjectId>
      <CorrelationId>Intent.VisualStudio.Projects.CSharpProject#816ea383-3c96-46a3-9880-bd359c950d7b</CorrelationId>
      <OverwriteBehaviour>always</OverwriteBehaviour>
      <ApplicationRelativeFilePath>Intent.Modules.Java.Spring.Data.Repositories.csproj</ApplicationRelativeFilePath>
      <ProjectRelativeFilePath>Intent.Modules.Java.Spring.Data.Repositories.csproj</ProjectRelativeFilePath>
      <IsIgnored>false</IsIgnored>
    </FileLog>
    <FileLog>
      <ProjectId>cb181c44-e0eb-4777-b2f1-110454210b8c</ProjectId>
      <CorrelationId>Intent.ModuleBuilder.Templates.TemplateDecoratorContract#96ceca67-6dbf-445e-8cec-8d91107683b1</CorrelationId>
      <OverwriteBehaviour>always</OverwriteBehaviour>
      <ApplicationRelativeFilePath>Templates/EntityRepository/EntityRepositoryDecorator.cs</ApplicationRelativeFilePath>
      <ProjectRelativeFilePath>EntityRepository/EntityRepositoryDecorator.cs</ProjectRelativeFilePath>
      <IsIgnored>false</IsIgnored>
    </FileLog>
    <FileLog>
      <ProjectId>cb181c44-e0eb-4777-b2f1-110454210b8c</ProjectId>
      <CorrelationId>Intent.ModuleBuilder.Java.Templates.JavaFileTemplatePartial#161cbca5-2ef9-4c47-bf3e-265b9ef3c17a</CorrelationId>
      <OverwriteBehaviour>always</OverwriteBehaviour>
      <ApplicationRelativeFilePath>Templates/EntityRepository/EntityRepositoryTemplatePartial.cs</ApplicationRelativeFilePath>
      <ProjectRelativeFilePath>EntityRepository/EntityRepositoryTemplatePartial.cs</ProjectRelativeFilePath>
      <IsIgnored>false</IsIgnored>
    </FileLog>
    <FileLog>
      <ProjectId>cb181c44-e0eb-4777-b2f1-110454210b8c</ProjectId>
      <CorrelationId>Intent.ModuleBuilder.TemplateRegistration.FilePerModel#161cbca5-2ef9-4c47-bf3e-265b9ef3c17a</CorrelationId>
      <OverwriteBehaviour>always</OverwriteBehaviour>
      <ApplicationRelativeFilePath>Templates/EntityRepository/EntityRepositoryTemplateRegistration.cs</ApplicationRelativeFilePath>
      <ProjectRelativeFilePath>EntityRepository/EntityRepositoryTemplateRegistration.cs</ProjectRelativeFilePath>
      <IsIgnored>false</IsIgnored>
    </FileLog>
    <FileLog>
      <ProjectId>cb181c44-e0eb-4777-b2f1-110454210b8c</ProjectId>
      <CorrelationId>Intent.ModuleBuilder.Templates.TemplateExtensions</CorrelationId>
      <OverwriteBehaviour>always</OverwriteBehaviour>
      <ApplicationRelativeFilePath>Templates/TemplateExtensions.cs</ApplicationRelativeFilePath>
      <ProjectRelativeFilePath>TemplateExtensions.cs</ProjectRelativeFilePath>
      <IsIgnored>false</IsIgnored>
    </FileLog>
  </FileLogs>
</outputLog>