<?xml version="1.0" encoding="utf-8"?>
<outputLog xmlns:xsi="http://www.w3.org/2001/XMLSchema-instance" xmlns:xsd="http://www.w3.org/2001/XMLSchema">
  <ApplicationId>40927c95-a61c-4636-8f22-200ed47e571f</ApplicationId>
  <FileLogs>
    <FileLog>
      <ProjectId>586e75c2-ae1c-4988-9e68-89c2696670bd</ProjectId>
      <ApplicationRelativeFilePath>Intent.Java.Domain.imodspec</ApplicationRelativeFilePath>
      <ProjectRelativeFilePath>Intent.Java.Domain.imodspec</ProjectRelativeFilePath>
    </FileLog>
    <FileLog>
      <ProjectId>586e75c2-ae1c-4988-9e68-89c2696670bd</ProjectId>
      <ApplicationRelativeFilePath>Intent.Modules.Java.Domain.csproj</ApplicationRelativeFilePath>
      <ProjectRelativeFilePath>Intent.Modules.Java.Domain.csproj</ProjectRelativeFilePath>
    </FileLog>
    <FileLog>
      <ProjectId>586e75c2-ae1c-4988-9e68-89c2696670bd</ProjectId>
      <ApplicationRelativeFilePath>README.txt</ApplicationRelativeFilePath>
      <ProjectRelativeFilePath>README.txt</ProjectRelativeFilePath>
    </FileLog>
    <FileLog>
      <ProjectId>ba8f91ca-3f8c-44a2-9194-e9d5ed6640bd</ProjectId>
      <ApplicationRelativeFilePath>Templates/AbstractEntity/AbstractEntityDecorator.cs</ApplicationRelativeFilePath>
      <ProjectRelativeFilePath>AbstractEntity/AbstractEntityDecorator.cs</ProjectRelativeFilePath>
    </FileLog>
    <FileLog>
      <ProjectId>ba8f91ca-3f8c-44a2-9194-e9d5ed6640bd</ProjectId>
      <ApplicationRelativeFilePath>Templates/AbstractEntity/AbstractEntityTemplate.cs</ApplicationRelativeFilePath>
      <ProjectRelativeFilePath>AbstractEntity/AbstractEntityTemplate.cs</ProjectRelativeFilePath>
    </FileLog>
    <FileLog>
      <ProjectId>ba8f91ca-3f8c-44a2-9194-e9d5ed6640bd</ProjectId>
      <ApplicationRelativeFilePath>Templates/AbstractEntity/AbstractEntityTemplate.tt</ApplicationRelativeFilePath>
      <ProjectRelativeFilePath>AbstractEntity/AbstractEntityTemplate.tt</ProjectRelativeFilePath>
    </FileLog>
    <FileLog>
      <ProjectId>ba8f91ca-3f8c-44a2-9194-e9d5ed6640bd</ProjectId>
      <ApplicationRelativeFilePath>Templates/AbstractEntity/AbstractEntityTemplatePartial.cs</ApplicationRelativeFilePath>
      <ProjectRelativeFilePath>AbstractEntity/AbstractEntityTemplatePartial.cs</ProjectRelativeFilePath>
    </FileLog>
    <FileLog>
      <ProjectId>ba8f91ca-3f8c-44a2-9194-e9d5ed6640bd</ProjectId>
      <ApplicationRelativeFilePath>Templates/AbstractEntity/AbstractEntityTemplateRegistration.cs</ApplicationRelativeFilePath>
      <ProjectRelativeFilePath>AbstractEntity/AbstractEntityTemplateRegistration.cs</ProjectRelativeFilePath>
    </FileLog>
    <FileLog>
      <ProjectId>ba8f91ca-3f8c-44a2-9194-e9d5ed6640bd</ProjectId>
      <ApplicationRelativeFilePath>Templates/DomainModel/DomainModelDecorator.cs</ApplicationRelativeFilePath>
      <ProjectRelativeFilePath>DomainModel/DomainModelDecorator.cs</ProjectRelativeFilePath>
    </FileLog>
    <FileLog>
      <ProjectId>ba8f91ca-3f8c-44a2-9194-e9d5ed6640bd</ProjectId>
      <ApplicationRelativeFilePath>Templates/DomainModel/DomainModelTemplate.cs</ApplicationRelativeFilePath>
      <ProjectRelativeFilePath>DomainModel/DomainModelTemplate.cs</ProjectRelativeFilePath>
    </FileLog>
    <FileLog>
      <ProjectId>ba8f91ca-3f8c-44a2-9194-e9d5ed6640bd</ProjectId>
      <ApplicationRelativeFilePath>Templates/DomainModel/DomainModelTemplate.tt</ApplicationRelativeFilePath>
      <ProjectRelativeFilePath>DomainModel/DomainModelTemplate.tt</ProjectRelativeFilePath>
    </FileLog>
    <FileLog>
      <ProjectId>ba8f91ca-3f8c-44a2-9194-e9d5ed6640bd</ProjectId>
      <ApplicationRelativeFilePath>Templates/DomainModel/DomainModelTemplatePartial.cs</ApplicationRelativeFilePath>
      <ProjectRelativeFilePath>DomainModel/DomainModelTemplatePartial.cs</ProjectRelativeFilePath>
    </FileLog>
    <FileLog>
      <ProjectId>ba8f91ca-3f8c-44a2-9194-e9d5ed6640bd</ProjectId>
      <ApplicationRelativeFilePath>Templates/DomainModel/DomainModelTemplateRegistration.cs</ApplicationRelativeFilePath>
      <ProjectRelativeFilePath>DomainModel/DomainModelTemplateRegistration.cs</ProjectRelativeFilePath>
    </FileLog>
    <FileLog>
      <ApplicationRelativeFilePath>../Intent.Modules.Java.sln</ApplicationRelativeFilePath>
    </FileLog>
  </FileLogs>
</outputLog>