<?xml version="1.0" encoding="utf-8"?>
<outputLog>
  <ApplicationId>40927c95-a61c-4636-8f22-200ed47e571f</ApplicationId>
  <FileLogs>
    <FileLog>
      <CorrelationId>Intent.VisualStudio.Projects.VisualStudioSolution#9a6b660c-89bd-4f4f-99d0-3c5601ef6c1b</CorrelationId>
      <OverwriteBehaviour>always</OverwriteBehaviour>
      <ApplicationRelativeFilePath>../Intent.Modules.Java.sln</ApplicationRelativeFilePath>
      <IsIgnored>false</IsIgnored>
    </FileLog>
    <FileLog>
      <ProjectId>586e75c2-ae1c-4988-9e68-89c2696670bd</ProjectId>
      <CorrelationId>Intent.ModuleBuilder.IModSpecFile</CorrelationId>
      <OverwriteBehaviour>always</OverwriteBehaviour>
      <ApplicationRelativeFilePath>Intent.Java.Domain.imodspec</ApplicationRelativeFilePath>
      <ProjectRelativeFilePath>Intent.Java.Domain.imodspec</ProjectRelativeFilePath>
      <IsIgnored>false</IsIgnored>
    </FileLog>
    <FileLog>
      <ProjectId>586e75c2-ae1c-4988-9e68-89c2696670bd</ProjectId>
      <CorrelationId>Intent.VisualStudio.Projects.CoreLibrary.CSProject#586e75c2-ae1c-4988-9e68-89c2696670bd</CorrelationId>
      <OverwriteBehaviour>always</OverwriteBehaviour>
      <ApplicationRelativeFilePath>Intent.Modules.Java.Domain.csproj</ApplicationRelativeFilePath>
      <ProjectRelativeFilePath>Intent.Modules.Java.Domain.csproj</ProjectRelativeFilePath>
      <IsIgnored>false</IsIgnored>
    </FileLog>
    <FileLog>
      <ProjectId>ba8f91ca-3f8c-44a2-9194-e9d5ed6640bd</ProjectId>
      <CorrelationId>Intent.ModuleBuilder.Templates.TemplateDecoratorContract#a894136d-e504-4327-a9cd-0452c74dae9b</CorrelationId>
      <OverwriteBehaviour>always</OverwriteBehaviour>
      <ApplicationRelativeFilePath>Templates/DomainModel/DomainModelDecorator.cs</ApplicationRelativeFilePath>
      <ProjectRelativeFilePath>DomainModel/DomainModelDecorator.cs</ProjectRelativeFilePath>
      <IsIgnored>false</IsIgnored>
    </FileLog>
    <FileLog>
      <ProjectId>ba8f91ca-3f8c-44a2-9194-e9d5ed6640bd</ProjectId>
      <CorrelationId>Intent.ModuleBuilder.Java.Templates.JavaTemplate.PreProcessT4#3060efbe-358f-4d3a-99d6-561534b80b70</CorrelationId>
      <OverwriteBehaviour>always</OverwriteBehaviour>
      <ApplicationRelativeFilePath>Templates/DomainModel/DomainModelTemplate.cs</ApplicationRelativeFilePath>
      <ProjectRelativeFilePath>DomainModel/DomainModelTemplate.cs</ProjectRelativeFilePath>
      <IsIgnored>false</IsIgnored>
    </FileLog>
    <FileLog>
      <ProjectId>ba8f91ca-3f8c-44a2-9194-e9d5ed6640bd</ProjectId>
      <CorrelationId>Intent.ModuleBuilder.Java.Templates.JavaFileT4Template#3060efbe-358f-4d3a-99d6-561534b80b70</CorrelationId>
      <OverwriteBehaviour>always</OverwriteBehaviour>
      <ApplicationRelativeFilePath>Templates/DomainModel/DomainModelTemplate.tt</ApplicationRelativeFilePath>
      <ProjectRelativeFilePath>DomainModel/DomainModelTemplate.tt</ProjectRelativeFilePath>
      <IsIgnored>false</IsIgnored>
    </FileLog>
    <FileLog>
      <ProjectId>ba8f91ca-3f8c-44a2-9194-e9d5ed6640bd</ProjectId>
      <CorrelationId>Intent.ModuleBuilder.Java.Templates.JavaFileTemplatePartial#3060efbe-358f-4d3a-99d6-561534b80b70</CorrelationId>
      <OverwriteBehaviour>always</OverwriteBehaviour>
      <ApplicationRelativeFilePath>Templates/DomainModel/DomainModelTemplatePartial.cs</ApplicationRelativeFilePath>
      <ProjectRelativeFilePath>DomainModel/DomainModelTemplatePartial.cs</ProjectRelativeFilePath>
      <IsIgnored>false</IsIgnored>
    </FileLog>
    <FileLog>
      <ProjectId>ba8f91ca-3f8c-44a2-9194-e9d5ed6640bd</ProjectId>
      <CorrelationId>Intent.ModuleBuilder.TemplateRegistration.FilePerModel#3060efbe-358f-4d3a-99d6-561534b80b70</CorrelationId>
      <OverwriteBehaviour>always</OverwriteBehaviour>
      <ApplicationRelativeFilePath>Templates/DomainModel/DomainModelTemplateRegistration.cs</ApplicationRelativeFilePath>
      <ProjectRelativeFilePath>DomainModel/DomainModelTemplateRegistration.cs</ProjectRelativeFilePath>
      <IsIgnored>false</IsIgnored>
    </FileLog>
    <FileLog>
      <ProjectId>ba8f91ca-3f8c-44a2-9194-e9d5ed6640bd</ProjectId>
      <CorrelationId>Intent.ModuleBuilder.Java.Templates.JavaFileStringInterpolationTemplate#f069f0b4-fc6b-4372-be61-bbbd2bc730d4</CorrelationId>
      <OverwriteBehaviour>always</OverwriteBehaviour>
      <ApplicationRelativeFilePath>Templates/Enum/EnumTemplate.cs</ApplicationRelativeFilePath>
      <ProjectRelativeFilePath>Enum/EnumTemplate.cs</ProjectRelativeFilePath>
      <IsIgnored>false</IsIgnored>
    </FileLog>
    <FileLog>
      <ProjectId>ba8f91ca-3f8c-44a2-9194-e9d5ed6640bd</ProjectId>
      <CorrelationId>Intent.ModuleBuilder.Java.Templates.JavaFileTemplatePartial#f069f0b4-fc6b-4372-be61-bbbd2bc730d4</CorrelationId>
      <OverwriteBehaviour>always</OverwriteBehaviour>
      <ApplicationRelativeFilePath>Templates/Enum/EnumTemplatePartial.cs</ApplicationRelativeFilePath>
      <ProjectRelativeFilePath>Enum/EnumTemplatePartial.cs</ProjectRelativeFilePath>
      <IsIgnored>false</IsIgnored>
    </FileLog>
    <FileLog>
      <ProjectId>ba8f91ca-3f8c-44a2-9194-e9d5ed6640bd</ProjectId>
      <CorrelationId>Intent.ModuleBuilder.TemplateRegistration.FilePerModel#f069f0b4-fc6b-4372-be61-bbbd2bc730d4</CorrelationId>
      <OverwriteBehaviour>always</OverwriteBehaviour>
      <ApplicationRelativeFilePath>Templates/Enum/EnumTemplateRegistration.cs</ApplicationRelativeFilePath>
      <ProjectRelativeFilePath>Enum/EnumTemplateRegistration.cs</ProjectRelativeFilePath>
      <IsIgnored>false</IsIgnored>
    </FileLog>
    <FileLog>
      <ProjectId>ba8f91ca-3f8c-44a2-9194-e9d5ed6640bd</ProjectId>
      <CorrelationId>Intent.ModuleBuilder.Templates.TemplateExtensions</CorrelationId>
      <OverwriteBehaviour>always</OverwriteBehaviour>
      <ApplicationRelativeFilePath>Templates/TemplateExtensions.cs</ApplicationRelativeFilePath>
      <ProjectRelativeFilePath>TemplateExtensions.cs</ProjectRelativeFilePath>
      <IsIgnored>false</IsIgnored>
    </FileLog>
  </FileLogs>
</outputLog>