<?xml version="1.0" encoding="utf-8"?>
<outputLog>
  <ApplicationId>107906ee-a9fd-4272-818a-28912b7ad043</ApplicationId>
  <FileLogs>
    <FileLog>
      <CorrelationId>Intent.VisualStudio.Projects.VisualStudio2015Solution#aab5f39b-56e6-4a19-ad40-d00c9a6d5a0e</CorrelationId>
      <OverwriteBehaviour>always</OverwriteBehaviour>
      <ApplicationRelativeFilePath>../Intent.Modules.Java.sln</ApplicationRelativeFilePath>
      <IsIgnored>false</IsIgnored>
    </FileLog>
    <FileLog>
      <ProjectId>14f11349-6906-42d9-b346-ad87f48aeac4</ProjectId>
      <CorrelationId>Intent.ModuleBuilder.Templates.TemplateDecorator#fb8e2f24-d222-40d1-a948-2a989b655d9a</CorrelationId>
      <OverwriteBehaviour>always</OverwriteBehaviour>
      <ApplicationRelativeFilePath>Decorators/CrudServiceImplementationDecorator.cs</ApplicationRelativeFilePath>
      <ProjectRelativeFilePath>CrudServiceImplementationDecorator.cs</ProjectRelativeFilePath>
      <IsIgnored>false</IsIgnored>
    </FileLog>
    <FileLog>
      <ProjectId>14f11349-6906-42d9-b346-ad87f48aeac4</ProjectId>
      <CorrelationId>Intent.ModuleBuilder.Templates.TemplateDecoratorRegistration#fb8e2f24-d222-40d1-a948-2a989b655d9a</CorrelationId>
      <OverwriteBehaviour>always</OverwriteBehaviour>
      <ApplicationRelativeFilePath>Decorators/CrudServiceImplementationDecoratorRegistration.cs</ApplicationRelativeFilePath>
      <ProjectRelativeFilePath>CrudServiceImplementationDecoratorRegistration.cs</ProjectRelativeFilePath>
      <IsIgnored>false</IsIgnored>
    </FileLog>
    <FileLog>
      <ProjectId>ef69d81e-e67c-4251-984c-20c3fb2a945e</ProjectId>
      <CorrelationId>Intent.ModuleBuilder.IModSpecFile</CorrelationId>
      <OverwriteBehaviour>always</OverwriteBehaviour>
      <ApplicationRelativeFilePath>Intent.Java.Services.CRUD.imodspec</ApplicationRelativeFilePath>
      <ProjectRelativeFilePath>Intent.Java.Services.CRUD.imodspec</ProjectRelativeFilePath>
      <IsIgnored>false</IsIgnored>
    </FileLog>
    <FileLog>
      <ProjectId>ef69d81e-e67c-4251-984c-20c3fb2a945e</ProjectId>
      <CorrelationId>Intent.VisualStudio.Projects.CoreLibrary.CSProject#ef69d81e-e67c-4251-984c-20c3fb2a945e</CorrelationId>
      <OverwriteBehaviour>once-off</OverwriteBehaviour>
      <ApplicationRelativeFilePath>Intent.Modules.Java.Services.CRUD.csproj</ApplicationRelativeFilePath>
      <ProjectRelativeFilePath>Intent.Modules.Java.Services.CRUD.csproj</ProjectRelativeFilePath>
      <IsIgnored>false</IsIgnored>
    </FileLog>
    <FileLog>
      <ProjectId>ef69d81e-e67c-4251-984c-20c3fb2a945e</ProjectId>
      <CorrelationId>Intent.ModuleBuilder.ReadMe</CorrelationId>
      <OverwriteBehaviour>always</OverwriteBehaviour>
      <ApplicationRelativeFilePath>README.txt</ApplicationRelativeFilePath>
      <ProjectRelativeFilePath>README.txt</ProjectRelativeFilePath>
      <IsIgnored>false</IsIgnored>
    </FileLog>
  </FileLogs>
</outputLog>