<?xml version="1.0" encoding="utf-8"?>
<outputLog>
  <ApplicationId>15695506-8a9b-4a83-8369-3cd2529d2750</ApplicationId>
  <FileLogs>
    <FileLog>
      <CorrelationId>Intent.VisualStudio.Projects.VisualStudioSolution#6bc1816c-8318-4f89-a341-e154aeb9cd01</CorrelationId>
      <OverwriteBehaviour>always</OverwriteBehaviour>
      <ApplicationRelativeFilePath>../Intent.Modules.Java.sln</ApplicationRelativeFilePath>
      <IsIgnored>false</IsIgnored>
    </FileLog>
    <FileLog>
      <ProjectId>11a1a347-6b82-4c5d-8622-1806b60f9815</ProjectId>
      <CorrelationId>Intent.VisualStudio.Projects.CSharpProject#11a1a347-6b82-4c5d-8622-1806b60f9815</CorrelationId>
      <OverwriteBehaviour>always</OverwriteBehaviour>
      <ApplicationRelativeFilePath>Intent.ApplicationTemplates.Java.csproj</ApplicationRelativeFilePath>
      <ProjectRelativeFilePath>Intent.ApplicationTemplates.Java.csproj</ProjectRelativeFilePath>
      <IsIgnored>false</IsIgnored>
    </FileLog>
    <FileLog>
      <ProjectId>11a1a347-6b82-4c5d-8622-1806b60f9815</ProjectId>
      <CorrelationId>Intent.ApplicationTemplate.Builder.Templates.IatSpecFile#84eb6eb9-30f5-429d-bf3c-06591e639eec</CorrelationId>
      <OverwriteBehaviour>always</OverwriteBehaviour>
      <ApplicationRelativeFilePath>Intent.Java.SpringBoot.WebApplication/metadata.iatspec</ApplicationRelativeFilePath>
      <ProjectRelativeFilePath>Intent.Java.SpringBoot.WebApplication/metadata.iatspec</ProjectRelativeFilePath>
      <IsIgnored>false</IsIgnored>
    </FileLog>
  </FileLogs>
</outputLog>