<?xml version="1.0" encoding="utf-8"?>
<outputLog>
  <ApplicationId>3b37b26f-6533-4e96-8a64-f93a1a6b9a17</ApplicationId>
  <FileLogs>
    <FileLog>
      <CorrelationId>Intent.VisualStudio.Projects.VisualStudio2015Solution#cb1fcf67-63d8-498b-a918-689f8b2b1751</CorrelationId>
      <OverwriteBehaviour>always</OverwriteBehaviour>
      <ApplicationRelativeFilePath>../Intent.Modules.Java.sln</ApplicationRelativeFilePath>
      <IsIgnored>false</IsIgnored>
    </FileLog>
    <FileLog>
      <ProjectId>9d2d4953-6b2c-41be-8a62-511f9766bcd7</ProjectId>
      <CorrelationId>Intent.ModuleBuilder.Templates.Api.ApiElementModelExtensions#1a824508-4623-45d9-accc-f572091ade5a</CorrelationId>
      <OverwriteBehaviour>always</OverwriteBehaviour>
      <ApplicationRelativeFilePath>Api/DomainPackageModelStereotypeExtensions.cs</ApplicationRelativeFilePath>
      <ProjectRelativeFilePath>DomainPackageModelStereotypeExtensions.cs</ProjectRelativeFilePath>
      <IsIgnored>false</IsIgnored>
    </FileLog>
    <FileLog>
      <ProjectId>610dda5c-eae7-4ef0-b1df-cf6fc2ebfafd</ProjectId>
      <CorrelationId>Intent.ModuleBuilder.Templates.FactoryExtension#31370750-498d-4ba6-a4a9-ae1e0a22d635</CorrelationId>
      <OverwriteBehaviour>always</OverwriteBehaviour>
      <ApplicationRelativeFilePath>FactoryExtensions/AddDomainTypeSourceExtension.cs</ApplicationRelativeFilePath>
      <ProjectRelativeFilePath>AddDomainTypeSourceExtension.cs</ProjectRelativeFilePath>
      <IsIgnored>false</IsIgnored>
    </FileLog>
    <FileLog>
      <ProjectId>610dda5c-eae7-4ef0-b1df-cf6fc2ebfafd</ProjectId>
      <CorrelationId>Intent.ModuleBuilder.Templates.FactoryExtension#b137a3b9-54a9-4b97-a720-c03a807fec5f</CorrelationId>
      <OverwriteBehaviour>always</OverwriteBehaviour>
      <ApplicationRelativeFilePath>FactoryExtensions/InstallPackagesForScanning.cs</ApplicationRelativeFilePath>
      <ProjectRelativeFilePath>InstallPackagesForScanning.cs</ProjectRelativeFilePath>
      <IsIgnored>false</IsIgnored>
    </FileLog>
    <FileLog>
      <ProjectId>38a5446f-dc72-46c9-a14b-71727ef18b4f</ProjectId>
      <CorrelationId>Intent.ModuleBuilder.IModSpecFile</CorrelationId>
      <OverwriteBehaviour>always</OverwriteBehaviour>
      <ApplicationRelativeFilePath>Intent.Java.Domain.Maven.imodspec</ApplicationRelativeFilePath>
      <ProjectRelativeFilePath>Intent.Java.Domain.Maven.imodspec</ProjectRelativeFilePath>
      <IsIgnored>false</IsIgnored>
    </FileLog>
    <FileLog>
      <ProjectId>38a5446f-dc72-46c9-a14b-71727ef18b4f</ProjectId>
      <CorrelationId>Intent.VisualStudio.Projects.CoreLibrary.CSProject#38a5446f-dc72-46c9-a14b-71727ef18b4f</CorrelationId>
      <OverwriteBehaviour>always</OverwriteBehaviour>
      <ApplicationRelativeFilePath>Intent.Modules.Java.Domain.Maven.csproj</ApplicationRelativeFilePath>
      <ProjectRelativeFilePath>Intent.Modules.Java.Domain.Maven.csproj</ProjectRelativeFilePath>
      <IsIgnored>false</IsIgnored>
    </FileLog>
    <FileLog>
      <ProjectId>38a5446f-dc72-46c9-a14b-71727ef18b4f</ProjectId>
      <CorrelationId>Intent.ModuleBuilder.ReadMe</CorrelationId>
      <OverwriteBehaviour>always</OverwriteBehaviour>
      <ApplicationRelativeFilePath>README.txt</ApplicationRelativeFilePath>
      <ProjectRelativeFilePath>README.txt</ProjectRelativeFilePath>
      <IsIgnored>false</IsIgnored>
    </FileLog>
  </FileLogs>
</outputLog>