<?xml version="1.0" encoding="utf-8"?>
<outputLog>
  <ApplicationId>27d96011-0954-47b0-a26c-a8091c854ead</ApplicationId>
  <FileLogs>
    <FileLog>
      <CorrelationId>Intent.VisualStudio.Projects.VisualStudio2015Solution#64d9f7a0-5abe-4b02-a3dd-23d5692c6715</CorrelationId>
      <OverwriteBehaviour>always</OverwriteBehaviour>
      <ApplicationRelativeFilePath>../Intent.Modules.Java.sln</ApplicationRelativeFilePath>
      <IsIgnored>false</IsIgnored>
    </FileLog>
    <FileLog>
      <ProjectId>1aff7720-4d3c-4389-8561-104ef7cc57e9</ProjectId>
      <CorrelationId>Intent.ModuleBuilder.Templates.Api.ApiElementModelExtensions#8d9d2e5b-bd55-4f36-9ae4-2b9e84fd4e58</CorrelationId>
      <OverwriteBehaviour>always</OverwriteBehaviour>
      <ApplicationRelativeFilePath>Api/Extensions/AssociationSourceEndModelStereotypeExtensions.cs</ApplicationRelativeFilePath>
      <ProjectRelativeFilePath>AssociationSourceEndModelStereotypeExtensions.cs</ProjectRelativeFilePath>
      <IsIgnored>false</IsIgnored>
    </FileLog>
    <FileLog>
      <ProjectId>1aff7720-4d3c-4389-8561-104ef7cc57e9</ProjectId>
      <CorrelationId>Intent.ModuleBuilder.Templates.Api.ApiElementModelExtensions#0a66489f-30aa-417b-a75d-b945863366fd</CorrelationId>
      <OverwriteBehaviour>always</OverwriteBehaviour>
      <ApplicationRelativeFilePath>Api/Extensions/AssociationTargetEndModelStereotypeExtensions.cs</ApplicationRelativeFilePath>
      <ProjectRelativeFilePath>AssociationTargetEndModelStereotypeExtensions.cs</ProjectRelativeFilePath>
      <IsIgnored>false</IsIgnored>
    </FileLog>
    <FileLog>
      <ProjectId>5fa9e7c0-0bd2-466b-bac0-3a2ffbb77f19</ProjectId>
      <CorrelationId>Intent.ModuleBuilder.Templates.TemplateDecorator#bf2de9f1-760a-47b5-838b-e76fdbc8e7f7</CorrelationId>
      <OverwriteBehaviour>always</OverwriteBehaviour>
      <ApplicationRelativeFilePath>Decorators/JpaDomainModelDecorator.cs</ApplicationRelativeFilePath>
      <ProjectRelativeFilePath>JpaDomainModelDecorator.cs</ProjectRelativeFilePath>
      <IsIgnored>false</IsIgnored>
    </FileLog>
    <FileLog>
      <ProjectId>5fa9e7c0-0bd2-466b-bac0-3a2ffbb77f19</ProjectId>
      <CorrelationId>Intent.ModuleBuilder.Templates.TemplateDecoratorRegistration#bf2de9f1-760a-47b5-838b-e76fdbc8e7f7</CorrelationId>
      <OverwriteBehaviour>always</OverwriteBehaviour>
      <ApplicationRelativeFilePath>Decorators/JpaDomainModelDecoratorRegistration.cs</ApplicationRelativeFilePath>
      <ProjectRelativeFilePath>JpaDomainModelDecoratorRegistration.cs</ProjectRelativeFilePath>
      <IsIgnored>false</IsIgnored>
    </FileLog>
    <FileLog>
      <ProjectId>f92df344-0995-48cf-9967-db535ad749b6</ProjectId>
      <CorrelationId>Intent.ModuleBuilder.IModSpecFile</CorrelationId>
      <OverwriteBehaviour>always</OverwriteBehaviour>
      <ApplicationRelativeFilePath>Intent.Java.Persistence.JPA.imodspec</ApplicationRelativeFilePath>
      <ProjectRelativeFilePath>Intent.Java.Persistence.JPA.imodspec</ProjectRelativeFilePath>
      <IsIgnored>false</IsIgnored>
    </FileLog>
    <FileLog>
      <ProjectId>f92df344-0995-48cf-9967-db535ad749b6</ProjectId>
      <CorrelationId>Intent.VisualStudio.Projects.CoreLibrary.CSProject#f92df344-0995-48cf-9967-db535ad749b6</CorrelationId>
      <OverwriteBehaviour>once-off</OverwriteBehaviour>
      <ApplicationRelativeFilePath>Intent.Modules.Java.Persistence.JPA.csproj</ApplicationRelativeFilePath>
      <ProjectRelativeFilePath>Intent.Modules.Java.Persistence.JPA.csproj</ProjectRelativeFilePath>
      <IsIgnored>false</IsIgnored>
    </FileLog>
    <FileLog>
      <ProjectId>f92df344-0995-48cf-9967-db535ad749b6</ProjectId>
      <CorrelationId>Intent.ModuleBuilder.ReadMe</CorrelationId>
      <OverwriteBehaviour>always</OverwriteBehaviour>
      <ApplicationRelativeFilePath>README.txt</ApplicationRelativeFilePath>
      <ProjectRelativeFilePath>README.txt</ProjectRelativeFilePath>
      <IsIgnored>false</IsIgnored>
    </FileLog>
    <FileLog>
      <ProjectId>3c066fc9-80aa-4252-9871-62d4bec2f2aa</ProjectId>
      <CorrelationId>Intent.ModuleBuilder.Templates.Settings.ModuleSettingsExtensions#2e4398f1-893d-432e-badb-ab0c4ea3280e</CorrelationId>
      <OverwriteBehaviour>always</OverwriteBehaviour>
      <ApplicationRelativeFilePath>Settings/ModuleSettingsExtensions.cs</ApplicationRelativeFilePath>
      <ProjectRelativeFilePath>ModuleSettingsExtensions.cs</ProjectRelativeFilePath>
      <IsIgnored>false</IsIgnored>
    </FileLog>
    <FileLog>
      <ProjectId>50226b6e-7f63-4887-b28a-4c534328cd10</ProjectId>
      <CorrelationId>Intent.ModuleBuilder.Java.Templates.JavaFileStringInterpolationTemplate#7d42e56d-ed1e-4e84-9688-7f71691a568a</CorrelationId>
      <OverwriteBehaviour>always</OverwriteBehaviour>
      <ApplicationRelativeFilePath>Templates/CompositeId/CompositeIdTemplate.cs</ApplicationRelativeFilePath>
      <ProjectRelativeFilePath>CompositeId/CompositeIdTemplate.cs</ProjectRelativeFilePath>
      <IsIgnored>false</IsIgnored>
    </FileLog>
    <FileLog>
      <ProjectId>50226b6e-7f63-4887-b28a-4c534328cd10</ProjectId>
      <CorrelationId>Intent.ModuleBuilder.Java.Templates.JavaFileTemplatePartial#7d42e56d-ed1e-4e84-9688-7f71691a568a</CorrelationId>
      <OverwriteBehaviour>always</OverwriteBehaviour>
      <ApplicationRelativeFilePath>Templates/CompositeId/CompositeIdTemplatePartial.cs</ApplicationRelativeFilePath>
      <ProjectRelativeFilePath>CompositeId/CompositeIdTemplatePartial.cs</ProjectRelativeFilePath>
      <IsIgnored>false</IsIgnored>
    </FileLog>
    <FileLog>
      <ProjectId>50226b6e-7f63-4887-b28a-4c534328cd10</ProjectId>
      <CorrelationId>Intent.ModuleBuilder.TemplateRegistration.FilePerModel#7d42e56d-ed1e-4e84-9688-7f71691a568a</CorrelationId>
      <OverwriteBehaviour>always</OverwriteBehaviour>
      <ApplicationRelativeFilePath>Templates/CompositeId/CompositeIdTemplateRegistration.cs</ApplicationRelativeFilePath>
      <ProjectRelativeFilePath>CompositeId/CompositeIdTemplateRegistration.cs</ProjectRelativeFilePath>
      <IsIgnored>false</IsIgnored>
    </FileLog>
    <FileLog>
      <ProjectId>50226b6e-7f63-4887-b28a-4c534328cd10</ProjectId>
      <CorrelationId>Intent.ModuleBuilder.Templates.TemplateExtensions</CorrelationId>
      <OverwriteBehaviour>always</OverwriteBehaviour>
      <ApplicationRelativeFilePath>Templates/TemplateExtensions.cs</ApplicationRelativeFilePath>
      <ProjectRelativeFilePath>TemplateExtensions.cs</ProjectRelativeFilePath>
      <IsIgnored>false</IsIgnored>
    </FileLog>
  </FileLogs>
</outputLog>