<?xml version="1.0" encoding="utf-8"?>
<outputLog>
  <ApplicationId>5ff4b835-8249-47cd-8b33-d60f02c9824b</ApplicationId>
  <FileLogs>
    <FileLog>
      <CorrelationId>Intent.VisualStudio.Projects.VisualStudio2015Solution#f67daf4c-35fc-420a-afcc-5cf9e482aca7</CorrelationId>
      <OverwriteBehaviour>always</OverwriteBehaviour>
      <ApplicationRelativeFilePath>../Intent.Modules.Java.sln</ApplicationRelativeFilePath>
      <IsIgnored>false</IsIgnored>
    </FileLog>
    <FileLog>
      <ProjectId>ad411f25-020a-4d8a-89c8-166edee814b5</ProjectId>
      <CorrelationId>Intent.ModuleBuilder.IModSpecFile</CorrelationId>
      <OverwriteBehaviour>always</OverwriteBehaviour>
      <ApplicationRelativeFilePath>Intent.Java.SpringFox.Swagger.imodspec</ApplicationRelativeFilePath>
      <ProjectRelativeFilePath>Intent.Java.SpringFox.Swagger.imodspec</ProjectRelativeFilePath>
      <IsIgnored>false</IsIgnored>
    </FileLog>
    <FileLog>
      <ProjectId>ad411f25-020a-4d8a-89c8-166edee814b5</ProjectId>
      <CorrelationId>Intent.VisualStudio.Projects.CoreLibrary.CSProject#ad411f25-020a-4d8a-89c8-166edee814b5</CorrelationId>
      <OverwriteBehaviour>always</OverwriteBehaviour>
      <ApplicationRelativeFilePath>Intent.Modules.Java.SpringFox.Swagger.csproj</ApplicationRelativeFilePath>
      <ProjectRelativeFilePath>Intent.Modules.Java.SpringFox.Swagger.csproj</ProjectRelativeFilePath>
      <IsIgnored>false</IsIgnored>
    </FileLog>
  </FileLogs>
</outputLog>