<?xml version="1.0" encoding="utf-8"?>
<outputLog>
  <ApplicationId>91e4276a-bdfd-4c88-9e51-7edf9d77d9f5</ApplicationId>
  <FileLogs>
    <FileLog>
      <CorrelationId>Intent.VisualStudio.Projects.VisualStudio2015Solution#59fa17ed-d9c9-41a7-91e4-e81eb9f6a629</CorrelationId>
      <OverwriteBehaviour>always</OverwriteBehaviour>
      <ApplicationRelativeFilePath>../Intent.Modules.Java.sln</ApplicationRelativeFilePath>
      <IsIgnored>false</IsIgnored>
    </FileLog>
    <FileLog>
      <ProjectId>b5d77679-3971-4c52-a455-ee11d331f760</ProjectId>
      <CorrelationId>Intent.ModuleBuilder.Templates.Api.ApiElementExtensionModel#6986a6a1-aff3-4222-bb85-5ebe4d08e180</CorrelationId>
      <OverwriteBehaviour>always</OverwriteBehaviour>
      <ApplicationRelativeFilePath>Api/ClassExtensionModel.cs</ApplicationRelativeFilePath>
      <ProjectRelativeFilePath>ClassExtensionModel.cs</ProjectRelativeFilePath>
      <IsIgnored>false</IsIgnored>
    </FileLog>
    <FileLog>
      <ProjectId>b5d77679-3971-4c52-a455-ee11d331f760</ProjectId>
      <CorrelationId>Intent.ModuleBuilder.Templates.Api.ApiElementModel#c00ed838-f31f-48e8-a3bc-6eb4a892584d</CorrelationId>
      <OverwriteBehaviour>always</OverwriteBehaviour>
      <ApplicationRelativeFilePath>Api/ColumnModel.cs</ApplicationRelativeFilePath>
      <ProjectRelativeFilePath>ColumnModel.cs</ProjectRelativeFilePath>
      <IsIgnored>false</IsIgnored>
    </FileLog>
    <FileLog>
      <ProjectId>b5d77679-3971-4c52-a455-ee11d331f760</ProjectId>
      <CorrelationId>Intent.ModuleBuilder.Templates.Api.ApiElementModel#4276d179-00df-4105-bad6-a467a06a799b</CorrelationId>
      <OverwriteBehaviour>always</OverwriteBehaviour>
      <ApplicationRelativeFilePath>Api/CustomQueryModel.cs</ApplicationRelativeFilePath>
      <ProjectRelativeFilePath>CustomQueryModel.cs</ProjectRelativeFilePath>
      <IsIgnored>false</IsIgnored>
    </FileLog>
    <FileLog>
      <ProjectId>b5d77679-3971-4c52-a455-ee11d331f760</ProjectId>
      <CorrelationId>Intent.ModuleBuilder.Templates.Api.ApiElementModelExtensions#4276d179-00df-4105-bad6-a467a06a799b</CorrelationId>
      <OverwriteBehaviour>always</OverwriteBehaviour>
      <ApplicationRelativeFilePath>Api/CustomQueryModelStereotypeExtensions.cs</ApplicationRelativeFilePath>
      <ProjectRelativeFilePath>CustomQueryModelStereotypeExtensions.cs</ProjectRelativeFilePath>
      <IsIgnored>false</IsIgnored>
    </FileLog>
    <FileLog>
      <ProjectId>b5d77679-3971-4c52-a455-ee11d331f760</ProjectId>
      <CorrelationId>Intent.ModuleBuilder.Templates.Api.ApiElementExtensionModel#0ceadd6e-9b98-4d03-9af1-7144be8a36ef</CorrelationId>
      <OverwriteBehaviour>always</OverwriteBehaviour>
      <ApplicationRelativeFilePath>Api/DTOFieldExtensionsModel.cs</ApplicationRelativeFilePath>
      <ProjectRelativeFilePath>DTOFieldExtensionsModel.cs</ProjectRelativeFilePath>
      <IsIgnored>false</IsIgnored>
    </FileLog>
    <FileLog>
      <ProjectId>b5d77679-3971-4c52-a455-ee11d331f760</ProjectId>
      <CorrelationId>Intent.ModuleBuilder.Templates.Api.ApiElementExtensionModel#3a805b09-62eb-447d-94ce-551ad7a04c6e</CorrelationId>
      <OverwriteBehaviour>always</OverwriteBehaviour>
      <ApplicationRelativeFilePath>Api/FolderExtensionModel.cs</ApplicationRelativeFilePath>
      <ProjectRelativeFilePath>FolderExtensionModel.cs</ProjectRelativeFilePath>
      <IsIgnored>false</IsIgnored>
    </FileLog>
    <FileLog>
      <ProjectId>b5d77679-3971-4c52-a455-ee11d331f760</ProjectId>
      <CorrelationId>Intent.ModuleBuilder.Templates.Api.ApiElementExtensionModel#55fa1332-c86a-45cd-ab02-a33aa576e3e6</CorrelationId>
      <OverwriteBehaviour>always</OverwriteBehaviour>
      <ApplicationRelativeFilePath>Api/OperationExtensionsModel.cs</ApplicationRelativeFilePath>
      <ProjectRelativeFilePath>OperationExtensionsModel.cs</ProjectRelativeFilePath>
      <IsIgnored>false</IsIgnored>
    </FileLog>
    <FileLog>
      <ProjectId>b5d77679-3971-4c52-a455-ee11d331f760</ProjectId>
      <CorrelationId>Intent.ModuleBuilder.Templates.Api.ApiPackageExtensionModel#b284aaed-5be3-46a5-bab2-ca6b90051fb6</CorrelationId>
      <OverwriteBehaviour>always</OverwriteBehaviour>
      <ApplicationRelativeFilePath>Api/PackageExtensionModel.cs</ApplicationRelativeFilePath>
      <ProjectRelativeFilePath>PackageExtensionModel.cs</ProjectRelativeFilePath>
      <IsIgnored>false</IsIgnored>
    </FileLog>
    <FileLog>
      <ProjectId>b5d77679-3971-4c52-a455-ee11d331f760</ProjectId>
      <CorrelationId>Intent.ModuleBuilder.Templates.Api.ApiElementModel#c8533d27-520e-46e2-9310-e13077f67988</CorrelationId>
      <OverwriteBehaviour>always</OverwriteBehaviour>
      <ApplicationRelativeFilePath>Api/ParameterModel.cs</ApplicationRelativeFilePath>
      <ProjectRelativeFilePath>ParameterModel.cs</ProjectRelativeFilePath>
      <IsIgnored>false</IsIgnored>
    </FileLog>
    <FileLog>
      <ProjectId>b5d77679-3971-4c52-a455-ee11d331f760</ProjectId>
      <CorrelationId>Intent.ModuleBuilder.Templates.Api.ApiElementModelExtensions#c8533d27-520e-46e2-9310-e13077f67988</CorrelationId>
      <OverwriteBehaviour>always</OverwriteBehaviour>
      <ApplicationRelativeFilePath>Api/ParameterModelStereotypeExtensions.cs</ApplicationRelativeFilePath>
      <ProjectRelativeFilePath>ParameterModelStereotypeExtensions.cs</ProjectRelativeFilePath>
      <IsIgnored>false</IsIgnored>
    </FileLog>
    <FileLog>
      <ProjectId>b5d77679-3971-4c52-a455-ee11d331f760</ProjectId>
      <CorrelationId>Intent.ModuleBuilder.Templates.Api.ApiElementModel#b8819c07-fa52-4e38-a92c-439e21220c55</CorrelationId>
      <OverwriteBehaviour>always</OverwriteBehaviour>
      <ApplicationRelativeFilePath>Api/QueryResultModel.cs</ApplicationRelativeFilePath>
      <ProjectRelativeFilePath>QueryResultModel.cs</ProjectRelativeFilePath>
      <IsIgnored>false</IsIgnored>
    </FileLog>
    <FileLog>
      <ProjectId>fe025313-a7d8-48a9-a0d5-9bd9328f82b0</ProjectId>
      <CorrelationId>Intent.ModuleBuilder.Templates.Api.ApiMetadataProviderExtensions</CorrelationId>
      <OverwriteBehaviour>always</OverwriteBehaviour>
      <ApplicationRelativeFilePath>ApiMetadataProviderExtensions.cs</ApplicationRelativeFilePath>
      <ProjectRelativeFilePath>ApiMetadataProviderExtensions.cs</ProjectRelativeFilePath>
      <IsIgnored>false</IsIgnored>
    </FileLog>
    <FileLog>
      <ProjectId>38c71e6a-fff5-442e-987c-2a4ab545fa24</ProjectId>
      <CorrelationId>Intent.ModuleBuilder.Templates.TemplateDecorator#a9cf4900-f2fa-4eda-9924-9c340acad88f</CorrelationId>
      <OverwriteBehaviour>always</OverwriteBehaviour>
      <ApplicationRelativeFilePath>Decorators/EntityRepositoryQueryDecorator.cs</ApplicationRelativeFilePath>
      <ProjectRelativeFilePath>EntityRepositoryQueryDecorator.cs</ProjectRelativeFilePath>
      <IsIgnored>false</IsIgnored>
    </FileLog>
    <FileLog>
      <ProjectId>38c71e6a-fff5-442e-987c-2a4ab545fa24</ProjectId>
      <CorrelationId>Intent.ModuleBuilder.Templates.TemplateDecoratorRegistration#a9cf4900-f2fa-4eda-9924-9c340acad88f</CorrelationId>
      <OverwriteBehaviour>always</OverwriteBehaviour>
      <ApplicationRelativeFilePath>Decorators/EntityRepositoryQueryDecoratorRegistration.cs</ApplicationRelativeFilePath>
      <ProjectRelativeFilePath>EntityRepositoryQueryDecoratorRegistration.cs</ProjectRelativeFilePath>
      <IsIgnored>false</IsIgnored>
    </FileLog>
    <FileLog>
      <ProjectId>38c71e6a-fff5-442e-987c-2a4ab545fa24</ProjectId>
      <CorrelationId>Intent.ModuleBuilder.Templates.TemplateDecorator#8da96107-d730-4f4a-b200-df10abe24445</CorrelationId>
      <OverwriteBehaviour>always</OverwriteBehaviour>
      <ApplicationRelativeFilePath>Decorators/QueryDataTransferModelDecorator.cs</ApplicationRelativeFilePath>
      <ProjectRelativeFilePath>QueryDataTransferModelDecorator.cs</ProjectRelativeFilePath>
      <IsIgnored>false</IsIgnored>
    </FileLog>
    <FileLog>
      <ProjectId>38c71e6a-fff5-442e-987c-2a4ab545fa24</ProjectId>
      <CorrelationId>Intent.ModuleBuilder.Templates.TemplateDecoratorRegistration#8da96107-d730-4f4a-b200-df10abe24445</CorrelationId>
      <OverwriteBehaviour>always</OverwriteBehaviour>
      <ApplicationRelativeFilePath>Decorators/QueryDataTransferModelDecoratorRegistration.cs</ApplicationRelativeFilePath>
      <ProjectRelativeFilePath>QueryDataTransferModelDecoratorRegistration.cs</ProjectRelativeFilePath>
      <IsIgnored>false</IsIgnored>
    </FileLog>
    <FileLog>
      <ProjectId>38c71e6a-fff5-442e-987c-2a4ab545fa24</ProjectId>
      <CorrelationId>Intent.ModuleBuilder.Templates.TemplateDecorator#58af4553-4acc-41bd-ae9e-5e5ae04eaab6</CorrelationId>
      <OverwriteBehaviour>always</OverwriteBehaviour>
      <ApplicationRelativeFilePath>Decorators/QueryRestControllerDecorator.cs</ApplicationRelativeFilePath>
      <ProjectRelativeFilePath>QueryRestControllerDecorator.cs</ProjectRelativeFilePath>
      <IsIgnored>false</IsIgnored>
    </FileLog>
    <FileLog>
      <ProjectId>38c71e6a-fff5-442e-987c-2a4ab545fa24</ProjectId>
      <CorrelationId>Intent.ModuleBuilder.Templates.TemplateDecoratorRegistration#58af4553-4acc-41bd-ae9e-5e5ae04eaab6</CorrelationId>
      <OverwriteBehaviour>always</OverwriteBehaviour>
      <ApplicationRelativeFilePath>Decorators/QueryRestControllerDecoratorRegistration.cs</ApplicationRelativeFilePath>
      <ProjectRelativeFilePath>QueryRestControllerDecoratorRegistration.cs</ProjectRelativeFilePath>
      <IsIgnored>false</IsIgnored>
    </FileLog>
    <FileLog>
      <ProjectId>38c71e6a-fff5-442e-987c-2a4ab545fa24</ProjectId>
      <CorrelationId>Intent.ModuleBuilder.Templates.TemplateDecorator#36af3c8b-4ee4-4ac0-9669-20e82b8764a0</CorrelationId>
      <OverwriteBehaviour>always</OverwriteBehaviour>
      <ApplicationRelativeFilePath>Decorators/QueryServiceImplementationDecorator.cs</ApplicationRelativeFilePath>
      <ProjectRelativeFilePath>QueryServiceImplementationDecorator.cs</ProjectRelativeFilePath>
      <IsIgnored>false</IsIgnored>
    </FileLog>
    <FileLog>
      <ProjectId>38c71e6a-fff5-442e-987c-2a4ab545fa24</ProjectId>
      <CorrelationId>Intent.ModuleBuilder.Templates.TemplateDecoratorRegistration#36af3c8b-4ee4-4ac0-9669-20e82b8764a0</CorrelationId>
      <OverwriteBehaviour>always</OverwriteBehaviour>
      <ApplicationRelativeFilePath>Decorators/QueryServiceImplementationDecoratorRegistration.cs</ApplicationRelativeFilePath>
      <ProjectRelativeFilePath>QueryServiceImplementationDecoratorRegistration.cs</ProjectRelativeFilePath>
      <IsIgnored>false</IsIgnored>
    </FileLog>
    <FileLog>
      <ProjectId>38c71e6a-fff5-442e-987c-2a4ab545fa24</ProjectId>
      <CorrelationId>Intent.ModuleBuilder.Templates.TemplateDecorator#08ec048a-09ee-41a0-830e-564fbca6c764</CorrelationId>
      <OverwriteBehaviour>always</OverwriteBehaviour>
      <ApplicationRelativeFilePath>Decorators/QueryServiceInterfaceDecorator.cs</ApplicationRelativeFilePath>
      <ProjectRelativeFilePath>QueryServiceInterfaceDecorator.cs</ProjectRelativeFilePath>
      <IsIgnored>false</IsIgnored>
    </FileLog>
    <FileLog>
      <ProjectId>38c71e6a-fff5-442e-987c-2a4ab545fa24</ProjectId>
      <CorrelationId>Intent.ModuleBuilder.Templates.TemplateDecoratorRegistration#08ec048a-09ee-41a0-830e-564fbca6c764</CorrelationId>
      <OverwriteBehaviour>always</OverwriteBehaviour>
      <ApplicationRelativeFilePath>Decorators/QueryServiceInterfaceDecoratorRegistration.cs</ApplicationRelativeFilePath>
      <ProjectRelativeFilePath>QueryServiceInterfaceDecoratorRegistration.cs</ProjectRelativeFilePath>
      <IsIgnored>false</IsIgnored>
    </FileLog>
    <FileLog>
      <ProjectId>fe025313-a7d8-48a9-a0d5-9bd9328f82b0</ProjectId>
      <CorrelationId>Intent.ModuleBuilder.IModSpecFile</CorrelationId>
      <OverwriteBehaviour>always</OverwriteBehaviour>
      <ApplicationRelativeFilePath>Intent.Java.Persistence.JPA.CustomQueries.imodspec</ApplicationRelativeFilePath>
      <ProjectRelativeFilePath>Intent.Java.Persistence.JPA.CustomQueries.imodspec</ProjectRelativeFilePath>
      <IsIgnored>false</IsIgnored>
    </FileLog>
    <FileLog>
      <ProjectId>fe025313-a7d8-48a9-a0d5-9bd9328f82b0</ProjectId>
      <CorrelationId>Intent.VisualStudio.Projects.CoreLibrary.CSProject#fe025313-a7d8-48a9-a0d5-9bd9328f82b0</CorrelationId>
      <OverwriteBehaviour>once-off</OverwriteBehaviour>
      <ApplicationRelativeFilePath>Intent.Modules.Java.Persistence.JPA.CustomQueries.csproj</ApplicationRelativeFilePath>
      <ProjectRelativeFilePath>Intent.Modules.Java.Persistence.JPA.CustomQueries.csproj</ProjectRelativeFilePath>
      <IsIgnored>false</IsIgnored>
    </FileLog>
    <FileLog>
      <ProjectId>391b91a4-ad56-448d-8884-3c5900f4a5eb</ProjectId>
      <CorrelationId>Intent.ModuleBuilder.DesignerSettings#223eb1ef-7bc5-4cc1-b799-3e8d44425e22</CorrelationId>
      <OverwriteBehaviour>always</OverwriteBehaviour>
      <ApplicationRelativeFilePath>modelers/Domain Extensions.designer.settings</ApplicationRelativeFilePath>
      <ProjectRelativeFilePath>Domain Extensions.designer.settings</ProjectRelativeFilePath>
      <IsIgnored>false</IsIgnored>
    </FileLog>
    <FileLog>
      <ProjectId>391b91a4-ad56-448d-8884-3c5900f4a5eb</ProjectId>
      <CorrelationId>Intent.ModuleBuilder.DesignerSettings#d0a0818c-da04-4526-bf66-cb3238cd7d59</CorrelationId>
      <OverwriteBehaviour>always</OverwriteBehaviour>
      <ApplicationRelativeFilePath>modelers/Services Extensions.designer.settings</ApplicationRelativeFilePath>
      <ProjectRelativeFilePath>Services Extensions.designer.settings</ProjectRelativeFilePath>
      <IsIgnored>false</IsIgnored>
    </FileLog>
    <FileLog>
      <ProjectId>fe025313-a7d8-48a9-a0d5-9bd9328f82b0</ProjectId>
      <CorrelationId>Intent.ModuleBuilder.ReadMe</CorrelationId>
      <OverwriteBehaviour>always</OverwriteBehaviour>
      <ApplicationRelativeFilePath>README.txt</ApplicationRelativeFilePath>
      <ProjectRelativeFilePath>README.txt</ProjectRelativeFilePath>
      <IsIgnored>false</IsIgnored>
    </FileLog>
    <FileLog>
      <ProjectId>ed51c3d4-bf68-4413-940f-5b4fcbdd1a02</ProjectId>
      <CorrelationId>Intent.ModuleBuilder.Java.Templates.JavaFileStringInterpolationTemplate#0ff18d4b-8069-4494-9fde-94ac99e01028</CorrelationId>
      <OverwriteBehaviour>always</OverwriteBehaviour>
      <ApplicationRelativeFilePath>Templates/QueryResult/QueryResultTemplate.cs</ApplicationRelativeFilePath>
      <ProjectRelativeFilePath>QueryResult/QueryResultTemplate.cs</ProjectRelativeFilePath>
      <IsIgnored>false</IsIgnored>
    </FileLog>
    <FileLog>
      <ProjectId>ed51c3d4-bf68-4413-940f-5b4fcbdd1a02</ProjectId>
      <CorrelationId>Intent.ModuleBuilder.Java.Templates.JavaFileTemplatePartial#0ff18d4b-8069-4494-9fde-94ac99e01028</CorrelationId>
      <OverwriteBehaviour>always</OverwriteBehaviour>
      <ApplicationRelativeFilePath>Templates/QueryResult/QueryResultTemplatePartial.cs</ApplicationRelativeFilePath>
      <ProjectRelativeFilePath>QueryResult/QueryResultTemplatePartial.cs</ProjectRelativeFilePath>
      <IsIgnored>false</IsIgnored>
    </FileLog>
    <FileLog>
      <ProjectId>ed51c3d4-bf68-4413-940f-5b4fcbdd1a02</ProjectId>
      <CorrelationId>Intent.ModuleBuilder.TemplateRegistration.FilePerModel#0ff18d4b-8069-4494-9fde-94ac99e01028</CorrelationId>
      <OverwriteBehaviour>always</OverwriteBehaviour>
      <ApplicationRelativeFilePath>Templates/QueryResult/QueryResultTemplateRegistration.cs</ApplicationRelativeFilePath>
      <ProjectRelativeFilePath>QueryResult/QueryResultTemplateRegistration.cs</ProjectRelativeFilePath>
      <IsIgnored>false</IsIgnored>
    </FileLog>
    <FileLog>
      <ProjectId>ed51c3d4-bf68-4413-940f-5b4fcbdd1a02</ProjectId>
      <CorrelationId>Intent.ModuleBuilder.Templates.TemplateExtensions</CorrelationId>
      <OverwriteBehaviour>always</OverwriteBehaviour>
      <ApplicationRelativeFilePath>Templates/TemplateExtensions.cs</ApplicationRelativeFilePath>
      <ProjectRelativeFilePath>TemplateExtensions.cs</ProjectRelativeFilePath>
      <IsIgnored>false</IsIgnored>
    </FileLog>
  </FileLogs>
</outputLog>