<?xml version="1.0" encoding="utf-8"?>
<outputLog>
  <ApplicationId>3a8d3506-4654-4e9c-ae9d-ac18fb71fd6a</ApplicationId>
  <FileLogs>
    <FileLog>
      <CorrelationId>Intent.VisualStudio.Projects.VisualStudioSolution#2678825b-8728-43ef-924a-e93294f0da37</CorrelationId>
      <OverwriteBehaviour>always</OverwriteBehaviour>
      <ApplicationRelativeFilePath>../Intent.Modules.Java.sln</ApplicationRelativeFilePath>
      <IsIgnored>false</IsIgnored>
    </FileLog>
    <FileLog>
      <ProjectId>145660b9-6295-4f5f-8d15-91e99ea66454</ProjectId>
      <CorrelationId>Intent.ModuleBuilder.Templates.TemplateDecorator#6df5b834-b5f8-4c68-b49a-ca852ef89bf4</CorrelationId>
      <OverwriteBehaviour>always</OverwriteBehaviour>
      <ApplicationRelativeFilePath>Decorators/AuthImplementationDecorator.cs</ApplicationRelativeFilePath>
      <ProjectRelativeFilePath>AuthImplementationDecorator.cs</ProjectRelativeFilePath>
      <IsIgnored>false</IsIgnored>
    </FileLog>
    <FileLog>
      <ProjectId>145660b9-6295-4f5f-8d15-91e99ea66454</ProjectId>
      <CorrelationId>Intent.ModuleBuilder.Templates.TemplateDecoratorRegistration#6df5b834-b5f8-4c68-b49a-ca852ef89bf4</CorrelationId>
      <OverwriteBehaviour>always</OverwriteBehaviour>
      <ApplicationRelativeFilePath>Decorators/AuthImplementationDecoratorRegistration.cs</ApplicationRelativeFilePath>
      <ProjectRelativeFilePath>AuthImplementationDecoratorRegistration.cs</ProjectRelativeFilePath>
      <IsIgnored>false</IsIgnored>
    </FileLog>
    <FileLog>
      <ProjectId>145660b9-6295-4f5f-8d15-91e99ea66454</ProjectId>
      <CorrelationId>Intent.ModuleBuilder.Templates.TemplateDecorator#8ada90c7-7e57-4815-92d3-7cd4d3ce2d63</CorrelationId>
      <OverwriteBehaviour>always</OverwriteBehaviour>
      <ApplicationRelativeFilePath>Decorators/SecurityRestControllerDecorator.cs</ApplicationRelativeFilePath>
      <ProjectRelativeFilePath>SecurityRestControllerDecorator.cs</ProjectRelativeFilePath>
      <IsIgnored>false</IsIgnored>
    </FileLog>
    <FileLog>
      <ProjectId>145660b9-6295-4f5f-8d15-91e99ea66454</ProjectId>
      <CorrelationId>Intent.ModuleBuilder.Templates.TemplateDecoratorRegistration#8ada90c7-7e57-4815-92d3-7cd4d3ce2d63</CorrelationId>
      <OverwriteBehaviour>always</OverwriteBehaviour>
      <ApplicationRelativeFilePath>Decorators/SecurityRestControllerDecoratorRegistration.cs</ApplicationRelativeFilePath>
      <ProjectRelativeFilePath>SecurityRestControllerDecoratorRegistration.cs</ProjectRelativeFilePath>
      <IsIgnored>false</IsIgnored>
    </FileLog>
    <FileLog>
      <ProjectId>07d6a2d9-6893-4cdb-bf0c-1a1f01f0aad8</ProjectId>
      <CorrelationId>Intent.ModuleBuilder.IModSpecFile</CorrelationId>
      <OverwriteBehaviour>always</OverwriteBehaviour>
      <ApplicationRelativeFilePath>Intent.Java.SpringBoot.Security.imodspec</ApplicationRelativeFilePath>
      <ProjectRelativeFilePath>Intent.Java.SpringBoot.Security.imodspec</ProjectRelativeFilePath>
      <IsIgnored>false</IsIgnored>
    </FileLog>
    <FileLog>
      <ProjectId>07d6a2d9-6893-4cdb-bf0c-1a1f01f0aad8</ProjectId>
      <CorrelationId>Intent.VisualStudio.Projects.CoreLibrary.CSProject#07d6a2d9-6893-4cdb-bf0c-1a1f01f0aad8</CorrelationId>
      <OverwriteBehaviour>always</OverwriteBehaviour>
      <ApplicationRelativeFilePath>Intent.Modules.Java.SpringBoot.Security.csproj</ApplicationRelativeFilePath>
      <ProjectRelativeFilePath>Intent.Modules.Java.SpringBoot.Security.csproj</ProjectRelativeFilePath>
      <IsIgnored>false</IsIgnored>
    </FileLog>
    <FileLog>
      <ProjectId>b4ae8ca4-3cfb-41c1-a34b-cb3526de6791</ProjectId>
      <CorrelationId>Intent.ModuleBuilder.Java.Templates.JavaFileStringInterpolationTemplate#984c9066-5911-46ee-9b80-c2d29013eca6</CorrelationId>
      <OverwriteBehaviour>always</OverwriteBehaviour>
      <ApplicationRelativeFilePath>Templates/AuthTokenFilter/AuthTokenFilterTemplate.cs</ApplicationRelativeFilePath>
      <ProjectRelativeFilePath>AuthTokenFilter/AuthTokenFilterTemplate.cs</ProjectRelativeFilePath>
      <IsIgnored>false</IsIgnored>
    </FileLog>
    <FileLog>
      <ProjectId>b4ae8ca4-3cfb-41c1-a34b-cb3526de6791</ProjectId>
      <CorrelationId>Intent.ModuleBuilder.Java.Templates.JavaFileTemplatePartial#984c9066-5911-46ee-9b80-c2d29013eca6</CorrelationId>
      <OverwriteBehaviour>always</OverwriteBehaviour>
      <ApplicationRelativeFilePath>Templates/AuthTokenFilter/AuthTokenFilterTemplatePartial.cs</ApplicationRelativeFilePath>
      <ProjectRelativeFilePath>AuthTokenFilter/AuthTokenFilterTemplatePartial.cs</ProjectRelativeFilePath>
      <IsIgnored>false</IsIgnored>
    </FileLog>
    <FileLog>
      <ProjectId>b4ae8ca4-3cfb-41c1-a34b-cb3526de6791</ProjectId>
      <CorrelationId>Intent.ModuleBuilder.TemplateRegistration.SingleFileNoModel#984c9066-5911-46ee-9b80-c2d29013eca6</CorrelationId>
      <OverwriteBehaviour>always</OverwriteBehaviour>
      <ApplicationRelativeFilePath>Templates/AuthTokenFilter/AuthTokenFilterTemplateRegistration.cs</ApplicationRelativeFilePath>
      <ProjectRelativeFilePath>AuthTokenFilter/AuthTokenFilterTemplateRegistration.cs</ProjectRelativeFilePath>
      <IsIgnored>false</IsIgnored>
    </FileLog>
    <FileLog>
      <ProjectId>b4ae8ca4-3cfb-41c1-a34b-cb3526de6791</ProjectId>
      <CorrelationId>Intent.ModuleBuilder.Java.Templates.JavaFileStringInterpolationTemplate#ce6ce5e8-4e08-4a28-8358-08a3bb67cd32</CorrelationId>
      <OverwriteBehaviour>always</OverwriteBehaviour>
      <ApplicationRelativeFilePath>Templates/JwtUtils/JwtUtilsTemplate.cs</ApplicationRelativeFilePath>
      <ProjectRelativeFilePath>JwtUtils/JwtUtilsTemplate.cs</ProjectRelativeFilePath>
      <IsIgnored>false</IsIgnored>
    </FileLog>
    <FileLog>
      <ProjectId>b4ae8ca4-3cfb-41c1-a34b-cb3526de6791</ProjectId>
      <CorrelationId>Intent.ModuleBuilder.Java.Templates.JavaFileTemplatePartial#ce6ce5e8-4e08-4a28-8358-08a3bb67cd32</CorrelationId>
      <OverwriteBehaviour>always</OverwriteBehaviour>
      <ApplicationRelativeFilePath>Templates/JwtUtils/JwtUtilsTemplatePartial.cs</ApplicationRelativeFilePath>
      <ProjectRelativeFilePath>JwtUtils/JwtUtilsTemplatePartial.cs</ProjectRelativeFilePath>
      <IsIgnored>false</IsIgnored>
    </FileLog>
    <FileLog>
      <ProjectId>b4ae8ca4-3cfb-41c1-a34b-cb3526de6791</ProjectId>
      <CorrelationId>Intent.ModuleBuilder.TemplateRegistration.SingleFileNoModel#ce6ce5e8-4e08-4a28-8358-08a3bb67cd32</CorrelationId>
      <OverwriteBehaviour>always</OverwriteBehaviour>
      <ApplicationRelativeFilePath>Templates/JwtUtils/JwtUtilsTemplateRegistration.cs</ApplicationRelativeFilePath>
      <ProjectRelativeFilePath>JwtUtils/JwtUtilsTemplateRegistration.cs</ProjectRelativeFilePath>
      <IsIgnored>false</IsIgnored>
    </FileLog>
    <FileLog>
      <ProjectId>b4ae8ca4-3cfb-41c1-a34b-cb3526de6791</ProjectId>
      <CorrelationId>Intent.ModuleBuilder.Java.Templates.JavaFileStringInterpolationTemplate#e0ded261-8263-46c9-b8dc-68070a0b8ecd</CorrelationId>
      <OverwriteBehaviour>always</OverwriteBehaviour>
      <ApplicationRelativeFilePath>Templates/MethodSecurityConfig/MethodSecurityConfigTemplate.cs</ApplicationRelativeFilePath>
      <ProjectRelativeFilePath>MethodSecurityConfig/MethodSecurityConfigTemplate.cs</ProjectRelativeFilePath>
      <IsIgnored>false</IsIgnored>
    </FileLog>
    <FileLog>
      <ProjectId>b4ae8ca4-3cfb-41c1-a34b-cb3526de6791</ProjectId>
      <CorrelationId>Intent.ModuleBuilder.Java.Templates.JavaFileTemplatePartial#e0ded261-8263-46c9-b8dc-68070a0b8ecd</CorrelationId>
      <OverwriteBehaviour>always</OverwriteBehaviour>
      <ApplicationRelativeFilePath>Templates/MethodSecurityConfig/MethodSecurityConfigTemplatePartial.cs</ApplicationRelativeFilePath>
      <ProjectRelativeFilePath>MethodSecurityConfig/MethodSecurityConfigTemplatePartial.cs</ProjectRelativeFilePath>
      <IsIgnored>false</IsIgnored>
    </FileLog>
    <FileLog>
      <ProjectId>b4ae8ca4-3cfb-41c1-a34b-cb3526de6791</ProjectId>
      <CorrelationId>Intent.ModuleBuilder.TemplateRegistration.SingleFileNoModel#e0ded261-8263-46c9-b8dc-68070a0b8ecd</CorrelationId>
      <OverwriteBehaviour>always</OverwriteBehaviour>
      <ApplicationRelativeFilePath>Templates/MethodSecurityConfig/MethodSecurityConfigTemplateRegistration.cs</ApplicationRelativeFilePath>
      <ProjectRelativeFilePath>MethodSecurityConfig/MethodSecurityConfigTemplateRegistration.cs</ProjectRelativeFilePath>
      <IsIgnored>false</IsIgnored>
    </FileLog>
    <FileLog>
      <ProjectId>b4ae8ca4-3cfb-41c1-a34b-cb3526de6791</ProjectId>
      <CorrelationId>Intent.ModuleBuilder.Templates.TemplateExtensions</CorrelationId>
      <OverwriteBehaviour>always</OverwriteBehaviour>
      <ApplicationRelativeFilePath>Templates/TemplateExtensions.cs</ApplicationRelativeFilePath>
      <ProjectRelativeFilePath>TemplateExtensions.cs</ProjectRelativeFilePath>
      <IsIgnored>false</IsIgnored>
    </FileLog>
    <FileLog>
      <ProjectId>b4ae8ca4-3cfb-41c1-a34b-cb3526de6791</ProjectId>
      <CorrelationId>Intent.ModuleBuilder.Java.Templates.JavaFileStringInterpolationTemplate#7e5b1307-f766-4074-93bc-6d2d6f6fcded</CorrelationId>
      <OverwriteBehaviour>always</OverwriteBehaviour>
      <ApplicationRelativeFilePath>Templates/WebSecurityConfigV2/WebSecurityConfigV2Template.cs</ApplicationRelativeFilePath>
      <ProjectRelativeFilePath>WebSecurityConfigV2/WebSecurityConfigV2Template.cs</ProjectRelativeFilePath>
      <IsIgnored>false</IsIgnored>
    </FileLog>
    <FileLog>
      <ProjectId>b4ae8ca4-3cfb-41c1-a34b-cb3526de6791</ProjectId>
      <CorrelationId>Intent.ModuleBuilder.Java.Templates.JavaFileTemplatePartial#7e5b1307-f766-4074-93bc-6d2d6f6fcded</CorrelationId>
      <OverwriteBehaviour>always</OverwriteBehaviour>
      <ApplicationRelativeFilePath>Templates/WebSecurityConfigV2/WebSecurityConfigV2TemplatePartial.cs</ApplicationRelativeFilePath>
      <ProjectRelativeFilePath>WebSecurityConfigV2/WebSecurityConfigV2TemplatePartial.cs</ProjectRelativeFilePath>
      <IsIgnored>false</IsIgnored>
    </FileLog>
    <FileLog>
      <ProjectId>b4ae8ca4-3cfb-41c1-a34b-cb3526de6791</ProjectId>
      <CorrelationId>Intent.ModuleBuilder.TemplateRegistration.SingleFileNoModel#7e5b1307-f766-4074-93bc-6d2d6f6fcded</CorrelationId>
      <OverwriteBehaviour>always</OverwriteBehaviour>
      <ApplicationRelativeFilePath>Templates/WebSecurityConfigV2/WebSecurityConfigV2TemplateRegistration.cs</ApplicationRelativeFilePath>
      <ProjectRelativeFilePath>WebSecurityConfigV2/WebSecurityConfigV2TemplateRegistration.cs</ProjectRelativeFilePath>
      <IsIgnored>false</IsIgnored>
    </FileLog>
    <FileLog>
      <ProjectId>b4ae8ca4-3cfb-41c1-a34b-cb3526de6791</ProjectId>
      <CorrelationId>Intent.ModuleBuilder.Java.Templates.JavaFileStringInterpolationTemplate#ca70e810-b3c6-49de-b17a-3d57b113914f</CorrelationId>
      <OverwriteBehaviour>always</OverwriteBehaviour>
      <ApplicationRelativeFilePath>Templates/WebSecurityConfigV3/WebSecurityConfigV3Template.cs</ApplicationRelativeFilePath>
      <ProjectRelativeFilePath>WebSecurityConfigV3/WebSecurityConfigV3Template.cs</ProjectRelativeFilePath>
      <IsIgnored>false</IsIgnored>
    </FileLog>
    <FileLog>
      <ProjectId>b4ae8ca4-3cfb-41c1-a34b-cb3526de6791</ProjectId>
      <CorrelationId>Intent.ModuleBuilder.Java.Templates.JavaFileTemplatePartial#ca70e810-b3c6-49de-b17a-3d57b113914f</CorrelationId>
      <OverwriteBehaviour>always</OverwriteBehaviour>
      <ApplicationRelativeFilePath>Templates/WebSecurityConfigV3/WebSecurityConfigV3TemplatePartial.cs</ApplicationRelativeFilePath>
      <ProjectRelativeFilePath>WebSecurityConfigV3/WebSecurityConfigV3TemplatePartial.cs</ProjectRelativeFilePath>
      <IsIgnored>false</IsIgnored>
    </FileLog>
    <FileLog>
      <ProjectId>b4ae8ca4-3cfb-41c1-a34b-cb3526de6791</ProjectId>
      <CorrelationId>Intent.ModuleBuilder.TemplateRegistration.SingleFileNoModel#ca70e810-b3c6-49de-b17a-3d57b113914f</CorrelationId>
      <OverwriteBehaviour>always</OverwriteBehaviour>
      <ApplicationRelativeFilePath>Templates/WebSecurityConfigV3/WebSecurityConfigV3TemplateRegistration.cs</ApplicationRelativeFilePath>
      <ProjectRelativeFilePath>WebSecurityConfigV3/WebSecurityConfigV3TemplateRegistration.cs</ProjectRelativeFilePath>
      <IsIgnored>false</IsIgnored>
    </FileLog>
  </FileLogs>
</outputLog>