<?xml version="1.0" encoding="utf-8"?>
<outputLog>
  <ApplicationId>6e21d1cd-2a2d-403f-b396-ea350ccc7b8b</ApplicationId>
  <FileLogs>
    <FileLog>
      <CorrelationId>Intent.VisualStudio.Projects.VisualStudioSolution#960722b4-633c-4fba-b071-f7c9bc449655</CorrelationId>
      <OverwriteBehaviour>always</OverwriteBehaviour>
      <ApplicationRelativeFilePath>../Intent.Modules.Java.sln</ApplicationRelativeFilePath>
      <IsIgnored>false</IsIgnored>
    </FileLog>
    <FileLog>
      <ProjectId>dc534467-ffcd-402f-a919-09adf5be887c</ProjectId>
      <CorrelationId>Intent.ModuleBuilder.Templates.Api.ApiElementModelExtensions#e030c97a-e066-40a7-8188-808c275df3cb</CorrelationId>
      <OverwriteBehaviour>always</OverwriteBehaviour>
      <ApplicationRelativeFilePath>Api/OperationModelStereotypeExtensions.cs</ApplicationRelativeFilePath>
      <ProjectRelativeFilePath>OperationModelStereotypeExtensions.cs</ProjectRelativeFilePath>
      <IsIgnored>false</IsIgnored>
    </FileLog>
    <FileLog>
      <ProjectId>dc534467-ffcd-402f-a919-09adf5be887c</ProjectId>
      <CorrelationId>Intent.ModuleBuilder.Templates.Api.ApiElementModelExtensions#b16578a5-27b1-4047-a8df-f0b783d706bd</CorrelationId>
      <OverwriteBehaviour>always</OverwriteBehaviour>
      <ApplicationRelativeFilePath>Api/ServiceModelStereotypeExtensions.cs</ApplicationRelativeFilePath>
      <ProjectRelativeFilePath>ServiceModelStereotypeExtensions.cs</ProjectRelativeFilePath>
      <IsIgnored>false</IsIgnored>
    </FileLog>
    <FileLog>
      <ProjectId>94e11ad0-8fef-4279-b39f-8f7b36c4e772</ProjectId>
      <CorrelationId>Intent.ModuleBuilder.Templates.TemplateDecorator#6e14eba5-4640-415c-93c4-a246d17acada</CorrelationId>
      <OverwriteBehaviour>always</OverwriteBehaviour>
      <ApplicationRelativeFilePath>Decorators/OpenApiControllerDecorator.cs</ApplicationRelativeFilePath>
      <ProjectRelativeFilePath>OpenApiControllerDecorator.cs</ProjectRelativeFilePath>
      <IsIgnored>false</IsIgnored>
    </FileLog>
    <FileLog>
      <ProjectId>94e11ad0-8fef-4279-b39f-8f7b36c4e772</ProjectId>
      <CorrelationId>Intent.ModuleBuilder.Templates.TemplateDecoratorRegistration#6e14eba5-4640-415c-93c4-a246d17acada</CorrelationId>
      <OverwriteBehaviour>always</OverwriteBehaviour>
      <ApplicationRelativeFilePath>Decorators/OpenApiControllerDecoratorRegistration.cs</ApplicationRelativeFilePath>
      <ProjectRelativeFilePath>OpenApiControllerDecoratorRegistration.cs</ProjectRelativeFilePath>
      <IsIgnored>false</IsIgnored>
    </FileLog>
    <FileLog>
      <ProjectId>94e11ad0-8fef-4279-b39f-8f7b36c4e772</ProjectId>
      <CorrelationId>Intent.ModuleBuilder.Templates.TemplateDecorator#1107a042-9985-4842-bd62-65d990b4730c</CorrelationId>
      <OverwriteBehaviour>always</OverwriteBehaviour>
      <ApplicationRelativeFilePath>Decorators/OpenApiDtoDecorator.cs</ApplicationRelativeFilePath>
      <ProjectRelativeFilePath>OpenApiDtoDecorator.cs</ProjectRelativeFilePath>
      <IsIgnored>false</IsIgnored>
    </FileLog>
    <FileLog>
      <ProjectId>94e11ad0-8fef-4279-b39f-8f7b36c4e772</ProjectId>
      <CorrelationId>Intent.ModuleBuilder.Templates.TemplateDecoratorRegistration#1107a042-9985-4842-bd62-65d990b4730c</CorrelationId>
      <OverwriteBehaviour>always</OverwriteBehaviour>
      <ApplicationRelativeFilePath>Decorators/OpenApiDtoDecoratorRegistration.cs</ApplicationRelativeFilePath>
      <ProjectRelativeFilePath>OpenApiDtoDecoratorRegistration.cs</ProjectRelativeFilePath>
      <IsIgnored>false</IsIgnored>
    </FileLog>
    <FileLog>
      <ProjectId>41bcc653-c390-4e2c-81f5-5cb5c37bde96</ProjectId>
      <CorrelationId>Intent.ModuleBuilder.IModSpecFile</CorrelationId>
      <OverwriteBehaviour>always</OverwriteBehaviour>
      <ApplicationRelativeFilePath>Intent.Java.SpringDoc.OpenApi.imodspec</ApplicationRelativeFilePath>
      <ProjectRelativeFilePath>Intent.Java.SpringDoc.OpenApi.imodspec</ProjectRelativeFilePath>
      <IsIgnored>false</IsIgnored>
    </FileLog>
    <FileLog>
      <ProjectId>41bcc653-c390-4e2c-81f5-5cb5c37bde96</ProjectId>
      <CorrelationId>Intent.VisualStudio.Projects.CSharpProject#41bcc653-c390-4e2c-81f5-5cb5c37bde96</CorrelationId>
      <OverwriteBehaviour>always</OverwriteBehaviour>
      <ApplicationRelativeFilePath>Intent.Modules.Java.SpringDoc.OpenApi.csproj</ApplicationRelativeFilePath>
      <ProjectRelativeFilePath>Intent.Modules.Java.SpringDoc.OpenApi.csproj</ProjectRelativeFilePath>
      <IsIgnored>false</IsIgnored>
    </FileLog>
  </FileLogs>
</outputLog>