<?xml version="1.0" encoding="utf-8"?>
<outputLog xmlns:xsi="http://www.w3.org/2001/XMLSchema-instance" xmlns:xsd="http://www.w3.org/2001/XMLSchema">
  <ApplicationId>2a1f90d0-0a78-4a3a-899b-a45205055f19</ApplicationId>
  <FileLogs>
    <FileLog>
      <ApplicationRelativeFilePath>../Intent.Modules.Java.sln</ApplicationRelativeFilePath>
    </FileLog>
    <FileLog>
      <ProjectId>5ee9053b-4284-4568-9e38-3a4aa5a53ac2</ProjectId>
      <ApplicationRelativeFilePath>Intent.Java.Spring.Data.Repositories.imodspec</ApplicationRelativeFilePath>
      <ProjectRelativeFilePath>Intent.Java.Spring.Data.Repositories.imodspec</ProjectRelativeFilePath>
    </FileLog>
    <FileLog>
      <ProjectId>5ee9053b-4284-4568-9e38-3a4aa5a53ac2</ProjectId>
      <ApplicationRelativeFilePath>Intent.Modules.Java.Spring.Data.Repositories.csproj</ApplicationRelativeFilePath>
      <ProjectRelativeFilePath>Intent.Modules.Java.Spring.Data.Repositories.csproj</ProjectRelativeFilePath>
    </FileLog>
    <FileLog>
      <ProjectId>5ee9053b-4284-4568-9e38-3a4aa5a53ac2</ProjectId>
      <ApplicationRelativeFilePath>README.txt</ApplicationRelativeFilePath>
      <ProjectRelativeFilePath>README.txt</ProjectRelativeFilePath>
    </FileLog>
    <FileLog>
      <ProjectId>cb181c44-e0eb-4777-b2f1-110454210b8c</ProjectId>
      <ApplicationRelativeFilePath>Templates/EntityRepository/EntityRepositoryTemplate.cs</ApplicationRelativeFilePath>
      <ProjectRelativeFilePath>EntityRepository/EntityRepositoryTemplate.cs</ProjectRelativeFilePath>
    </FileLog>
    <FileLog>
      <ProjectId>cb181c44-e0eb-4777-b2f1-110454210b8c</ProjectId>
      <ApplicationRelativeFilePath>Templates/EntityRepository/EntityRepositoryTemplate.tt</ApplicationRelativeFilePath>
      <ProjectRelativeFilePath>EntityRepository/EntityRepositoryTemplate.tt</ProjectRelativeFilePath>
    </FileLog>
    <FileLog>
      <ProjectId>cb181c44-e0eb-4777-b2f1-110454210b8c</ProjectId>
      <ApplicationRelativeFilePath>Templates/EntityRepository/EntityRepositoryTemplatePartial.cs</ApplicationRelativeFilePath>
      <ProjectRelativeFilePath>EntityRepository/EntityRepositoryTemplatePartial.cs</ProjectRelativeFilePath>
    </FileLog>
    <FileLog>
      <ProjectId>cb181c44-e0eb-4777-b2f1-110454210b8c</ProjectId>
      <ApplicationRelativeFilePath>Templates/EntityRepository/EntityRepositoryTemplateRegistration.cs</ApplicationRelativeFilePath>
      <ProjectRelativeFilePath>EntityRepository/EntityRepositoryTemplateRegistration.cs</ProjectRelativeFilePath>
    </FileLog>
  </FileLogs>
</outputLog>