<?xml version="1.0" encoding="utf-8"?>
<outputLog>
  <ApplicationId>df7ecc09-497a-465f-aab7-11f37732aca4</ApplicationId>
  <FileLogs>
    <FileLog>
      <CorrelationId>Intent.VisualStudio.Projects.VisualStudio2015Solution#60869086-7611-4173-8f65-1056e7949c6a</CorrelationId>
      <OverwriteBehaviour>always</OverwriteBehaviour>
      <ApplicationRelativeFilePath>../Intent.Modules.Java.sln</ApplicationRelativeFilePath>
      <IsIgnored>false</IsIgnored>
    </FileLog>
    <FileLog>
      <ProjectId>4c5840e7-04b4-492b-9473-cf48c2345ccb</ProjectId>
      <CorrelationId>Intent.ModuleBuilder.Templates.Api.ApiElementModelExtensions#625e3f28-5e29-4cd3-92e6-9a111dbbb32c</CorrelationId>
      <OverwriteBehaviour>always</OverwriteBehaviour>
      <ApplicationRelativeFilePath>Api/Extensions/ExceptionTypeModelStereotypeExtensions.cs</ApplicationRelativeFilePath>
      <ProjectRelativeFilePath>ExceptionTypeModelStereotypeExtensions.cs</ProjectRelativeFilePath>
      <IsIgnored>false</IsIgnored>
    </FileLog>
    <FileLog>
      <ProjectId>4c5840e7-04b4-492b-9473-cf48c2345ccb</ProjectId>
      <CorrelationId>Intent.ModuleBuilder.Templates.Api.ApiElementModelExtensions#d4e577cd-ad05-4180-9a2e-fff4ddea0e1e</CorrelationId>
      <OverwriteBehaviour>always</OverwriteBehaviour>
      <ApplicationRelativeFilePath>Api/Extensions/TypeDefinitionModelStereotypeExtensions.cs</ApplicationRelativeFilePath>
      <ProjectRelativeFilePath>TypeDefinitionModelStereotypeExtensions.cs</ProjectRelativeFilePath>
      <IsIgnored>false</IsIgnored>
    </FileLog>
    <FileLog>
      <ProjectId>915037d0-3d43-4cda-9777-bb75b8bd5c63</ProjectId>
      <CorrelationId>Intent.ModuleBuilder.IModSpecFile</CorrelationId>
      <OverwriteBehaviour>always</OverwriteBehaviour>
      <ApplicationRelativeFilePath>Intent.Java.SpringBoot.imodspec</ApplicationRelativeFilePath>
      <ProjectRelativeFilePath>Intent.Java.SpringBoot.imodspec</ProjectRelativeFilePath>
      <IsIgnored>false</IsIgnored>
    </FileLog>
    <FileLog>
      <ProjectId>915037d0-3d43-4cda-9777-bb75b8bd5c63</ProjectId>
      <CorrelationId>Intent.VisualStudio.Projects.CoreLibrary.CSProject#915037d0-3d43-4cda-9777-bb75b8bd5c63</CorrelationId>
      <OverwriteBehaviour>always</OverwriteBehaviour>
      <ApplicationRelativeFilePath>Intent.Modules.Java.SpringBoot.csproj</ApplicationRelativeFilePath>
      <ProjectRelativeFilePath>Intent.Modules.Java.SpringBoot.csproj</ProjectRelativeFilePath>
      <IsIgnored>false</IsIgnored>
    </FileLog>
    <FileLog>
      <ProjectId>915037d0-3d43-4cda-9777-bb75b8bd5c63</ProjectId>
      <CorrelationId>Intent.ModuleBuilder.ReadMe</CorrelationId>
      <OverwriteBehaviour>always</OverwriteBehaviour>
      <ApplicationRelativeFilePath>README.txt</ApplicationRelativeFilePath>
      <ProjectRelativeFilePath>README.txt</ProjectRelativeFilePath>
      <IsIgnored>false</IsIgnored>
    </FileLog>
    <FileLog>
      <ProjectId>0a677098-2823-46d7-826c-96feed2b29e8</ProjectId>
      <CorrelationId>Intent.ModuleBuilder.Templates.Settings.ModuleSettingsExtensions#27f3b2d0-b9e5-47da-bece-d305c33b5945</CorrelationId>
      <OverwriteBehaviour>always</OverwriteBehaviour>
      <ApplicationRelativeFilePath>Settings/ModuleSettingsExtensions.cs</ApplicationRelativeFilePath>
      <ProjectRelativeFilePath>ModuleSettingsExtensions.cs</ProjectRelativeFilePath>
      <IsIgnored>false</IsIgnored>
    </FileLog>
    <FileLog>
      <ProjectId>db8d1b7b-e26f-4baa-ba43-990a5ff65135</ProjectId>
      <CorrelationId>Intent.ModuleBuilder.Java.Templates.JavaFileTemplatePartial#352eb8e5-c7f0-42a9-8438-f1b95ea193de</CorrelationId>
      <OverwriteBehaviour>always</OverwriteBehaviour>
      <ApplicationRelativeFilePath>Templates/Application/ApplicationTemplatePartial.cs</ApplicationRelativeFilePath>
      <ProjectRelativeFilePath>Application/ApplicationTemplatePartial.cs</ProjectRelativeFilePath>
      <IsIgnored>false</IsIgnored>
    </FileLog>
    <FileLog>
      <ProjectId>db8d1b7b-e26f-4baa-ba43-990a5ff65135</ProjectId>
      <CorrelationId>Intent.ModuleBuilder.TemplateRegistration.SingleFileNoModel#352eb8e5-c7f0-42a9-8438-f1b95ea193de</CorrelationId>
      <OverwriteBehaviour>always</OverwriteBehaviour>
      <ApplicationRelativeFilePath>Templates/Application/ApplicationTemplateRegistration.cs</ApplicationRelativeFilePath>
      <ProjectRelativeFilePath>Application/ApplicationTemplateRegistration.cs</ProjectRelativeFilePath>
      <IsIgnored>false</IsIgnored>
    </FileLog>
    <FileLog>
      <ProjectId>db8d1b7b-e26f-4baa-ba43-990a5ff65135</ProjectId>
      <CorrelationId>Intent.ModuleBuilder.ProjectItemTemplate.Partial#4fed9b15-da87-4198-863e-19dff07b1d68</CorrelationId>
      <OverwriteBehaviour>always</OverwriteBehaviour>
      <ApplicationRelativeFilePath>Templates/ApplicationProperties/ApplicationPropertiesTemplatePartial.cs</ApplicationRelativeFilePath>
      <ProjectRelativeFilePath>ApplicationProperties/ApplicationPropertiesTemplatePartial.cs</ProjectRelativeFilePath>
      <IsIgnored>false</IsIgnored>
    </FileLog>
    <FileLog>
      <ProjectId>db8d1b7b-e26f-4baa-ba43-990a5ff65135</ProjectId>
      <CorrelationId>Intent.ModuleBuilder.TemplateRegistration.SingleFileNoModel#4fed9b15-da87-4198-863e-19dff07b1d68</CorrelationId>
      <OverwriteBehaviour>always</OverwriteBehaviour>
      <ApplicationRelativeFilePath>Templates/ApplicationProperties/ApplicationPropertiesTemplateRegistration.cs</ApplicationRelativeFilePath>
      <ProjectRelativeFilePath>ApplicationProperties/ApplicationPropertiesTemplateRegistration.cs</ProjectRelativeFilePath>
      <IsIgnored>false</IsIgnored>
    </FileLog>
    <FileLog>
      <ProjectId>db8d1b7b-e26f-4baa-ba43-990a5ff65135</ProjectId>
      <CorrelationId>Intent.ModuleBuilder.Java.Templates.JavaTemplate.PreProcessT4#5c594e43-8846-41ef-be66-e57675b9f0a6</CorrelationId>
      <OverwriteBehaviour>always</OverwriteBehaviour>
      <ApplicationRelativeFilePath>Templates/JsonResponse/JsonResponseTemplate.cs</ApplicationRelativeFilePath>
      <ProjectRelativeFilePath>JsonResponse/JsonResponseTemplate.cs</ProjectRelativeFilePath>
      <IsIgnored>false</IsIgnored>
    </FileLog>
    <FileLog>
      <ProjectId>db8d1b7b-e26f-4baa-ba43-990a5ff65135</ProjectId>
      <CorrelationId>Intent.ModuleBuilder.Java.Templates.JavaFileT4Template#5c594e43-8846-41ef-be66-e57675b9f0a6</CorrelationId>
      <OverwriteBehaviour>always</OverwriteBehaviour>
      <ApplicationRelativeFilePath>Templates/JsonResponse/JsonResponseTemplate.tt</ApplicationRelativeFilePath>
      <ProjectRelativeFilePath>JsonResponse/JsonResponseTemplate.tt</ProjectRelativeFilePath>
      <IsIgnored>false</IsIgnored>
    </FileLog>
    <FileLog>
      <ProjectId>db8d1b7b-e26f-4baa-ba43-990a5ff65135</ProjectId>
      <CorrelationId>Intent.ModuleBuilder.Java.Templates.JavaFileTemplatePartial#5c594e43-8846-41ef-be66-e57675b9f0a6</CorrelationId>
      <OverwriteBehaviour>always</OverwriteBehaviour>
      <ApplicationRelativeFilePath>Templates/JsonResponse/JsonResponseTemplatePartial.cs</ApplicationRelativeFilePath>
      <ProjectRelativeFilePath>JsonResponse/JsonResponseTemplatePartial.cs</ProjectRelativeFilePath>
      <IsIgnored>false</IsIgnored>
    </FileLog>
    <FileLog>
      <ProjectId>db8d1b7b-e26f-4baa-ba43-990a5ff65135</ProjectId>
      <CorrelationId>Intent.ModuleBuilder.TemplateRegistration.SingleFileNoModel#5c594e43-8846-41ef-be66-e57675b9f0a6</CorrelationId>
      <OverwriteBehaviour>always</OverwriteBehaviour>
      <ApplicationRelativeFilePath>Templates/JsonResponse/JsonResponseTemplateRegistration.cs</ApplicationRelativeFilePath>
      <ProjectRelativeFilePath>JsonResponse/JsonResponseTemplateRegistration.cs</ProjectRelativeFilePath>
      <IsIgnored>false</IsIgnored>
    </FileLog>
    <FileLog>
      <ProjectId>db8d1b7b-e26f-4baa-ba43-990a5ff65135</ProjectId>
      <CorrelationId>Intent.ModuleBuilder.Templates.TemplateDecoratorContract#92b673b3-739b-4e6a-bf1a-9b58b76d598f</CorrelationId>
      <OverwriteBehaviour>always</OverwriteBehaviour>
      <ApplicationRelativeFilePath>Templates/RestController/RestControllerDecorator.cs</ApplicationRelativeFilePath>
      <ProjectRelativeFilePath>RestController/RestControllerDecorator.cs</ProjectRelativeFilePath>
      <IsIgnored>false</IsIgnored>
    </FileLog>
    <FileLog>
      <ProjectId>db8d1b7b-e26f-4baa-ba43-990a5ff65135</ProjectId>
      <CorrelationId>Intent.ModuleBuilder.Java.Templates.JavaTemplate.PreProcessT4#33a60ef5-5613-4719-a96d-206d3732c9ba</CorrelationId>
      <OverwriteBehaviour>always</OverwriteBehaviour>
      <ApplicationRelativeFilePath>Templates/RestController/RestControllerTemplate.cs</ApplicationRelativeFilePath>
      <ProjectRelativeFilePath>RestController/RestControllerTemplate.cs</ProjectRelativeFilePath>
      <IsIgnored>false</IsIgnored>
    </FileLog>
    <FileLog>
      <ProjectId>db8d1b7b-e26f-4baa-ba43-990a5ff65135</ProjectId>
      <CorrelationId>Intent.ModuleBuilder.Java.Templates.JavaFileT4Template#33a60ef5-5613-4719-a96d-206d3732c9ba</CorrelationId>
      <OverwriteBehaviour>always</OverwriteBehaviour>
      <ApplicationRelativeFilePath>Templates/RestController/RestControllerTemplate.tt</ApplicationRelativeFilePath>
      <ProjectRelativeFilePath>RestController/RestControllerTemplate.tt</ProjectRelativeFilePath>
      <IsIgnored>false</IsIgnored>
    </FileLog>
    <FileLog>
      <ProjectId>db8d1b7b-e26f-4baa-ba43-990a5ff65135</ProjectId>
      <CorrelationId>Intent.ModuleBuilder.Java.Templates.JavaFileTemplatePartial#33a60ef5-5613-4719-a96d-206d3732c9ba</CorrelationId>
      <OverwriteBehaviour>always</OverwriteBehaviour>
      <ApplicationRelativeFilePath>Templates/RestController/RestControllerTemplatePartial.cs</ApplicationRelativeFilePath>
      <ProjectRelativeFilePath>RestController/RestControllerTemplatePartial.cs</ProjectRelativeFilePath>
      <IsIgnored>false</IsIgnored>
    </FileLog>
    <FileLog>
      <ProjectId>db8d1b7b-e26f-4baa-ba43-990a5ff65135</ProjectId>
      <CorrelationId>Intent.ModuleBuilder.TemplateRegistration.FilePerModel#33a60ef5-5613-4719-a96d-206d3732c9ba</CorrelationId>
      <OverwriteBehaviour>always</OverwriteBehaviour>
      <ApplicationRelativeFilePath>Templates/RestController/RestControllerTemplateRegistration.cs</ApplicationRelativeFilePath>
      <ProjectRelativeFilePath>RestController/RestControllerTemplateRegistration.cs</ProjectRelativeFilePath>
      <IsIgnored>false</IsIgnored>
    </FileLog>
    <FileLog>
      <ProjectId>db8d1b7b-e26f-4baa-ba43-990a5ff65135</ProjectId>
      <CorrelationId>Intent.ModuleBuilder.Templates.TemplateExtensions</CorrelationId>
      <OverwriteBehaviour>always</OverwriteBehaviour>
      <ApplicationRelativeFilePath>Templates/TemplateExtensions.cs</ApplicationRelativeFilePath>
      <ProjectRelativeFilePath>TemplateExtensions.cs</ProjectRelativeFilePath>
      <IsIgnored>false</IsIgnored>
    </FileLog>
  </FileLogs>
</outputLog>